Model: Eugenememe/mix-es-en-1m
The president of Grupo Inmobiliario Torres Doradas, Carmen Sánchez, has pledged to hand over 13 family-owned assets as compensation for the money she is accused of having diverted from the Commercial Bank of Saigon.
The Old Quarter of Madrid hosts a cultural tapestry, where centuries-old architecture sits next to vibrant market streets, offering a look at Spain's rich heritage.
The annual flamenco festival in Seville shows the beauty and evolution of traditional Spanish dance, attracting participants from all over the country.
Spain's national football team achieved a victory against Portugal, unleashing celebrations on the streets of Barcelona and reigniting national pride in sport.
The new highway that connects Madrid with Valencia has significantly reduced travel time, strengthening economic and tourist ties between the two cities.
Spanish street food, known for its diversity and flavor, gains international fame, with dishes such as Tapas and Paella leading the culinary charge.
Valencia's Artificial Fire Festival dazzles viewers with a spectacular display of pyrotechnics, set in the context of the Turia River.
Concerns about the environmental impact of single-use plastics in Spain motivate local communities and businesses to adopt more sustainable practices.
The discovery of ancient artifacts in Andalusia offers new perspectives on Spain's historic trade routes and early civilizations.
Spain's tech startups are gaining momentum, with Barcelona emerging as a vibrant center of innovation and entrepreneurship in Europe.
The introduction of a new wildlife conservation law aims to protect Spain's diverse ecosystems and endangered species, reflecting growing environmental awareness.
Traditional Spanish musical genres such as Flamingo and Jota are experiencing a renaissance, attracting younger audiences and preserving cultural heritage.
The culture of Spanish coffee, characterized by its unique methods of making and robust flavors, continues to captivate coffee enthusiasts around the world.
Concerns about air quality in Madrid drive government and community initiatives to promote greener transport options and urban afforestation projects.
Spain's film industry is experiencing a renaissance, with local filmmakers gaining international recognition for stories exploring the country's history and contemporary social problems.
The expansion of renewable energy projects in Spain, including solar and wind, marks a significant shift towards sustainable development.
Barcelona's architecture is a mix of Gothic buildings, Gaudí's modernist buildings and contemporary constructions, reflecting the city's dynamic history and growth.
The resurgence of traditional Spanish handicrafts, such as pottery and bollillo lace, supports rural communities and preserves ancestral artistic techniques.
Spain's commitment to education reform is evident in its efforts to modernize the curriculum, emphasize critical thinking skills and expand access to quality education for all children.
The growing popularity of Spanish literature abroad attracts global attention to the country's rich literary traditions and contemporary voices.
The April Fair in Seville transforms the city into a show of color, music and dance, highlighting the rich folk tradition of Andalusia.
The Prado Museum in Madrid attracts art lovers from all over the world with its impressive collection of masterpieces of European painting.
Tomatina, an annual tomato battle in Buñol, has become an iconic Spanish event that attracts international visitors in search of unusual fun.
Antoni Gaudí's modernist architecture in Barcelona, especially the Sagrada Familia, symbolizes Catalan innovation and creativity.
The wineries of La Rioja offer unique enoturistic experiences, immersing visitors in the world of world-renowned Spanish wine.
The Camino de Santiago, an ancient pilgrimage route, continues to attract hikers from all over the world with its mixture of spirituality and natural beauty.
The Canary Islands are known for their eternal spring climate, volcanic landscapes and pristine beaches, making them a main tourist destination.
The San Sebastian Film Festival is a highlight event on Spain's cultural calendar, attracting filmmakers and film fans from around the world.
The revitalization of the Alhambra in Granada highlights the Islamic influence on Spanish history and its unique fusion of cultures.
The Faults of Valencia, with their impressive stone cardboard figures and fireworks, celebrate the arrival of spring with art and pyrotechnics.
The rise of molecular gastronomy in Spain, led by chefs such as Ferran Adrià, has revolutionized the world's culinary scene.
The beaches of Price on the Costa de la Luz are a paradise for windsurfers and kitesurfers, thanks to their strong and constant winds.
The conservation of the Iberian lynx in Andalusia demonstrates Spain's commitment to the protection of its unique biodiversity.
The Altamira caves in Cantabria, known for their prehistoric cave paintings, offer a window to Europe's first inhabitants.
The Spanish fashion industry, with figures such as Balenciaga and Loewe, has gained recognition for its innovation and quality.
AVE, Spain's high-speed train, has transformed domestic transport, connecting major cities in a matter of hours.
Electronic music festivals in Ibiza have consolidated the island as a global destination for music and nightlife lovers.
The push towards smart and sustainable cities is seen in innovative projects in Barcelona, which seek to improve the quality of urban life.
The siesta tradition, although in decline, remains an interesting cultural aspect that reflects the pace of Spanish life.
The reintroduction of brown bears into the Pyrenees shows successful efforts in the conservation of endangered native species.
The revival of the Malasaña neighborhood in Madrid makes it the heart of the Spanish hipster movement, with its vintage shops, artisanal cafes and vibrant nightlife.
The construction of the Valencia Technological Park boosts innovation and the development of startups, positioning the city as a technological hub in the Mediterranean.
The Carnival of Tenerife, one of the largest and most spectacular in the world, exhibits extravagant parades and colorful costumes, attracting tourists from all over the world.
The recovery of the Manzanares River in Madrid has transformed the area into a green space for recreation, promoting sustainability and citizen well-being.
The Royal Andalusian School of Equestrian Art in Jerez de la Frontera is world-renowned for its spectacular equestrian ballet, showing off the high school of classical dome.
The ARCO contemporary art fair in Madrid is a key event for collectors, galleries and artists, reflecting the vibrant Spanish art scene.
The impact of climate change on the Balearic Islands boosts green and sustainable initiatives to preserve its natural beauty and tourism.
The reforestation project in the Sierra de Guadarrama seeks to combat erosion and maintain the biodiversity of the national park near Madrid.
The Jumilla wine route in Murcia offers an immersive experience in the world of monostrell wines, highlighting the region's wine richness.
Excavations in Atapuerca, Burgos, provide clues about Europe's first settlers, enriching our understanding of human prehistory.
The growing popularity of paddle surfing on the Costa del Sol reflects interest in water sports and an active lifestyle on the Mediterranean coast.
The movement of bicycle-friendly cities gains ground in Seville, with the expansion of bike lanes and rental systems, promoting sustainable transport.
The revitalization of the textile industry in Galicia, led by brands such as Zara, has made the region a major global fashion hub.
The Roque de los Muchachos Observatory in La Palma is a key point for global astronomical research, taking advantage of the clear skies of the Canary Islands.
The tradition of "chiringuitos" on Malaga's beaches is modernized, offering high-quality local gastronomy next to the Mediterranean Sea.
The introduction of native plant species into Valencia's urban parks fosters biodiversity and ecological awareness in the city.
The rise of wine tourism in the Ribera del Duero reflects the growing interest in the culture of Spanish wine and gastronomy.
The Gijón International Film Festival is consolidated as a showcase of independent cinema, attracting emerging talent and cinephiles.
The restoration of Cordoba's Arabic wall allows visitors to explore the city's rich Islamic history and unique cultural heritage.
The development of offshore wind farms in the Bay of Biscay shows Spain's commitment to renewable energy and the fight against climate change.
Translation time: 0.610s
================================================================================

