Model: Eugenememe/mix-en-fr-1m
1.   <en> The Louvre Museum in Paris dazzles with a new digital exhibit, blending classical art with cutting-edge technology, drawing a global audience to its historic halls.
     <fr> Le musée du Louvre, à Paris, éblouit une nouvelle exposition numérique, mêlant lart classique à la technologie de pointe, attirant un public mondial dans ses salles historiques.

2.   <en> Tokyo's cherry blossom season reaches a vibrant peak, drawing crowds for traditional celebrations amidst the fleeting beauty of sakura blooms.
     <fr> La saison des fleurs de cerises de Tokyo atteint un pic vibrant, attirant des foules pour les fêtes traditionnelles au milieu de la beauté fugitive des fleurs de sakura.

3.   <en> Brazil's Amazon sees a hopeful reduction in deforestation rates, thanks to impactful conservation policies and international collaborative efforts.
     <fr> LAmazonie brésilienne voit diminuer les taux de déforestation avec espoir, grâce à des politiques de conservation et à des efforts internationaux de collaboration.

4.   <en> Silicon Valley's latest startup revolution focuses on enhancing solar panel efficiency, promising a significant leap in sustainable energy solutions.
     <fr> La dernière révolution de la Silicon Valley vise à améliorer lefficacité des panneaux solaires, promettant un bond important dans les solutions énergétiques durables.

5.   <en> The Great Barrier Reef shows signs of recovery, with successful coral spawning hinting at resilience in the face of environmental challenges.
     <fr> La Grande Barrière de Corail montre des signes de relèvement, avec un frai réussi qui laisse penser à la résilience face aux défis environnementaux.

6.   <en> Innovative engineering helps Venice combat rising sea levels, preserving its iconic architecture and rich cultural heritage for future generations.
     <fr> Lingénierie novatrice aide Venise à lutter contre lélévation du niveau de la mer, en conservant son architecture emblématique et son riche patrimoine culturel pour les générations futures.

7.   <en> South Korea's K-pop phenomenon continues to dominate global music charts, influencing fashion trends and social media across continents.
     <fr> Le phénomène de la K-pop en Corée du Sud continue de dominer les cartes musicales mondiales, influençant les tendances de la mode et les réseaux sociaux dans tous les continents.

8.   <en> New archaeological finds in Luxor offer fresh insights into ancient Egyptian civilization, sparking interest among scholars and history enthusiasts.
     <fr> Les nouvelles découvertes archéologiques de Luxor offrent de nouveaux aperçus de lancienne civilisation égyptienne, suscitant chez les savants et les amateurs dhistoire lintérêt.

9.   <en> The United Nations Climate Change Conference sets ambitious new global emission reduction targets, with nations pledging to bolster sustainability efforts.
     <fr> La Conférence des Nations unies sur le changement climatique fixe dambitieux nouveaux objectifs de réduction des émissions à léchelle mondiale, les nations sefforçant de renforcer les efforts de durabilité.

10.  <en> New York's burgeoning tech scene sees a surge in AI innovation, with startups focusing on ethical development and applications across industries.
     <fr> La scène technologique naissante de New York connaît une montée en puissance de linnovation en AI, avec des start-ups centrées sur le développement éthique et les applications dans lensemble des industries.

11.  <en> Blockchain technology transforms London's financial district, enhancing security and efficiency in banking and financial transactions.
     <fr> La technologie Blockchain transforme le quartier financier de Londres, en renforçant la sécurité et lefficacité dans les opérations bancaires et financières.

12.  <en> Kenya employs drone technology in wildlife reserves to monitor and protect endangered species, showcasing innovative conservation strategies.
     <fr> Le Kenya emploie la technologie des drones dans les réserves sauvages pour surveiller et protéger les espèces menacées, en mettant en évidence des stratégies de conservation novatrice.

13.  <en> Spain's renewable energy sector hits a milestone, supplying over half of the country's power needs with wind and solar, showcasing sustainable progress.
     <fr> Le secteur espagnol des énergies renouvelables franchit une étape, fournissant à plus de la moitié des besoins énergétiques du pays lénergie éolienne et solaire, montre des progrès durables.

14.  <en> Innovative mosquito control techniques lead to a significant reduction in malaria cases in Sub-Saharan Africa, marking a victory for global health initiatives.
     <fr> Les techniques novatrice de lutte anti-moustique conduisent à une réduction sensible des cas de malaria en Afrique sub-saharienne, marquant ainsi la victoire des initiatives sanitaires mondiales.

15.  <en> Russia's ambitious Mars moon mission aims to collect samples and analyze their composition, contributing valuable data to space science.
     <fr> Lambitieux mission de la Russie sur la Lune vise à recueillir des échantillons et à analyser leur composition, apportant des données précieuses à la science de lespace.

16.  <en> The Netherlands further expands its extensive bicycle lane network, reinforcing its commitment to sustainable and healthy urban transportation.
     <fr> Les Pays-Bas élargissent encore son vaste réseau de voies de bicyclettes, renforçant ainsi son engagement en faveur dun transport urbain durable et sain.

17.  <en> Antarctica's research stations provide crucial data on climate change, with scientists from around the world collaborating on groundbreaking projects.
     <fr> Les stations de recherche de lAntarctique fournissent des données cruciales sur le changement climatique, des scientifiques du monde entier collaborant à des projets novateurs.

18.  <en> A breakthrough in Alzheimer's treatment in Germany opens new possibilities, offering hope and potential relief to millions affected worldwide.
     <fr> Une avancée dans le traitement de la maladie dAlzheimer en Allemagne ouvre de nouvelles possibilités, offrant espoir et soulagement à des millions de personnes touchées dans le monde.

19.  <en> The Middle East's solar farms are set to revolutionize the region's approach to energy, highlighting a shift towards sustainability and innovation.
     <fr> Les fermes solaires du Moyen-Orient sont appelées à révolutionner lapproche énergétique de la région, en mettant en évidence un glissement vers la durabilité et linnovation.

20.  <en> Traditional Japanese tea ceremonies gain international popularity as a mindfulness practice, attracting enthusiasts seeking tranquility and cultural immersion.
     <fr> Les cérémonies traditionnelles du thé japonais gagnent en popularité internationale en tant que pratique de la conscience, attirant les enthousiastes à la recherche de tranquillité et dimmersion culturelle.

21.  <en> The FIFA World Cup in Qatar showcases cutting-edge, eco-friendly stadium designs, setting new standards for sustainable sports event hosting.
     <fr> La Coupe du monde de la FIFA au Qatar met en valeur des conceptions de stade de pointe et éco-friendly, établissant de nouvelles normes pour lorganisation dévénements sportifs durables.

22.  <en> New Zealand's approach to mental health care, emphasizing community support and nature-based therapies, offers a holistic model for global adoption.
     <fr> Lapproche néo-zélandaise des soins de santé mentale, qui met laccent sur le soutien communautaire et les thérapies basées sur la nature, offre un modèle holistique pour ladoption mondiale.

23.  <en> An international summit in Switzerland addresses the complex challenges of digital privacy and cybersecurity, crucial in the age of emerging technologies.
     <fr> Un sommet international en Suisse aborde les défis complexes de la vie privée et de la cybersécurité numérique, cruciales à lère des technologies émergentes.

24.  <en> Morocco's efforts to preserve its historic medinas not only enhance cultural tourism but also contribute to the urban revitalization of these ancient spaces.
     <fr> Les efforts du Maroc pour conserver ses medinas historiques renforcent non seulement le tourisme culturel mais contribuent aussi à la revitalisation urbaine de ces espaces anciens.

25.  <en> The cleanup of the Great Pacific Garbage Patch, through innovative marine debris collection systems, marks a significant step in ocean conservation efforts.
     <fr> Le nettoyage du grand lot de déchets du Pacifique, grâce à des systèmes novateurs de collecte de débris marins, marque une étape importante dans les efforts de conservation des océans.

26.  <en> Cuba's vibrant music and dance festivals celebrate the island's rich cultural heritage, drawing artists and enthusiasts from around the globe.
     <fr> Les vibrants festivals de musique et de danse de Cuba célèbrent le riche patrimoine culturel de lîle, dessinant des artistes et des enthousiastes du monde entier.

27.  <en> The Nobel Peace Prize highlights the crucial role of press freedom activists in oppressive regimes, underscoring the fundamental importance of a free press.
     <fr> Le prix Nobel de la paix met laccent sur le rôle capital des militants de la liberté de la presse dans les régimes oppressifs, en soulignant limportance fondamentale dune presse libre.

28.  <en> Singapore's urban farming initiatives showcase innovative models of sustainable living, integrating green spaces and local food production into city life.
     <fr> Les initiatives dagriculture urbaine de Singapour présentent des modèles novateurs de vie durable, intégrant les espaces verts et la production alimentaire locale dans la vie urbaine.

29.  <en> A cultural exchange program between China and Europe fosters mutual understanding, enriching arts and education sectors across continents.
     <fr> Un programme déchange culturel entre la Chine et lEurope favorise la compréhension mutuelle, enrichissant les secteurs des arts et de léducation à travers les continents.

30.  <en> South Africa's tech industry innovates in clean water access, employing new technologies and community approaches to address this critical issue.
     <fr> Lindustrie technologique sud-africaine innove dans laccès à leau potable, en employant de nouvelles technologies et des approches communautaires pour résoudre ce problème critique.

31.  <en> The Venice Biennale art exhibition becomes a platform for works addressing global environmental and social issues, sparking discussions and inspiring activism.
     <fr> Lexposition dart de Venise Biennale devient une plateforme pour les œuvres abordant les questions environnementales et sociales mondiales, suscitant des discussions et inspirant lactivisme.

32.  <en> An international space station project symbolizes a new era of cooperation in space exploration, with countries from every continent participating.
     <fr> Un projet de station spatiale internationale symbolise une nouvelle ère de coopération dans lexploration spatiale, avec la participation de pays de tous les continents.

33.  <en> Argentina's Tango Festival, celebrating the dance's UNESCO status, draws performers and spectators worldwide, highlighting cultural heritage and passion.
     <fr> Le Festival de Tango de lArgentine, célébrant le statut de la danse par lUnesco, dessine des acteurs et des spectateurs du monde entier, mettant en évidence lhéritage culturel et la passion.

34.  <en> A Swedish company's breakthrough in battery technology promises to revolutionize electric vehicles and renewable energy storage, marking a significant advancement.
     <fr> Linnovation en matière de batterie dune société suédoise promet de révolutionner les véhicules électriques et le stockage dénergie renouvelable, ce qui marque un progrès considérable.

35.  <en> Digitizing ancient manuscripts preserves cultural heritage, making it accessible online to scholars and the public, safeguarding these treasures for future generations.
     <fr> La numérisation des manuscrits anciens préserve le patrimoine culturel, le rend accessible en ligne aux savants et au public, sauve ces trésors pour les générations futures.

36.  <en> An international coral reef protection collaboration results in the largest coral transplantation project, showcasing global efforts to safeguard marine biodiversity.
     <fr> Une collaboration internationale dans le domaine de la protection des récifs coralliens a débouché sur le plus grand projet de transplantation de corail, mettant en évidence les efforts déployés à léchelle mondiale pour sauvegarder la biodiversité marine.

37.  <en> A culinary school in Italy offers scholarships to students from developing countries, promoting the exchange of culinary traditions and fostering global culinary talents.
     <fr> Une école de cuisine en Italie offre des bourses aux étudiants des pays en développement, favorisant léchange des traditions culinaires et favorisant les talents culinaires mondiaux.

38.  <en> A new international treaty focuses on protecting indigenous rights, preserving traditional knowledge and languages, and acknowledging the importance of cultural heritage.
     <fr> Un nouveau traité international met laccent sur la protection des droits des indigènes, la préservation des connaissances et des langues traditionnelles et la reconnaissance de limportance du patrimoine culturel.

39.  <en> Independent films exploring themes of migration and identity highlight the global interconnectedness and shared human experiences, enriching the global film festival circuit.
     <fr> Les films indépendants explorant des thèmes de migration et didentité mettent en évidence linterconnectivité mondiale et les expériences humaines partagées, enrichissant le circuit mondial des festivals de cinéma.

40.  <en> Virtual reality recreates historical sites and events, offering immersive educational experiences and bringing history to life for students worldwide.
     <fr> La réalité virtuelle recrée les sites et les événements historiques, offre des expériences éducatives immersives et fait revivre lhistoire aux étudiants du monde entier.

41.  <en> A wildlife corridor in India aims to connect fragmented habitats, ensuring the safe passage of tigers and other species, highlighting the importance of ecological connectivity.
     <fr> Un corridor de la faune sauvage en Inde vise à relier les habitats fragmentés, à assurer le passage sûr des tigres et des autres espèces, en mettant en évidence limportance de la connectivité écologique.

42.  <en> Colombia's international poetry festival celebrates the transformative power of words in promoting peace and reconciliation, drawing poets and enthusiasts from around the world.
     <fr> La fête internationale de la poésie colombienne célèbre la puissance transformatrice des mots en favorisant la paix et la réconciliation, attirant des poètes et des enthousiastes du monde entier.

43.  <en> The WHO's global campaign against antibiotic resistance emphasizes the responsible use of antibiotics, addressing one of the most pressing health challenges of our time.
     <fr> La campagne mondiale de lOMS contre la résistance aux antibiotiques met laccent sur lutilisation responsable des antibiotiques, sattachant à lun des problèmes sanitaires les plus pressants de notre époque.

44.  <en> Paris Fashion Week's focus on sustainable fashion showcases eco-friendly materials and ethical production, influencing the global fashion industry towards sustainability.
     <fr> Laccent mis par la Fashion Week de Paris sur la mode durable met en lumière les matériaux éco-friendly et la production éthique, influençant lindustrie de la mode mondiale vers la durabilité.

45.  <en> The New Orleans International Jazz Festival highlights the evolution of jazz, influenced by African, Caribbean, and Latin American music, celebrating its rich and diverse heritage.
     <fr> Le Festival international de jazz de la Nouvelle-Orléans met en lumière lévolution du jazz, influencé par la musique africaine, caribéenne et latino-américaine, célébrant son patrimoine riche et divers.

46.  <en> In Germany, a collaborative research project between major universities and automotive companies has led to the development of a groundbreaking electric vehicle battery, boasting an unprecedented range and charging speed, setting a new standard for the global electric vehicle industry.
     <fr> En Allemagne, un projet de recherche en collaboration entre les grandes universités et les grandes entreprises automobiles a débouché sur le développement dune batterie de véhicules électriques révolutionnaire, vantant une gamme et une vitesse de charge inédites, fixant une nouvelle norme pour lindustrie mondiale des véhicules électriques.

47.  <en> Vietnam's government has announced a significant investment in renewable energy infrastructure, focusing on solar and wind power, aiming to achieve 40% of its energy production from renewable sources by 2030, in a major push towards sustainability and environmental responsibility.
     <fr> Le gouvernement du Vietnam a annoncé un investissement important dans linfrastructure énergétique renouvelable, visant lénergie solaire et éolienne, visant à atteindre 40 % de sa production énergétique à partir de sources renouvelables dici 2030, dans un élan majeur vers la durabilité et la responsabilité environnementale.

48.  <en> China has launched the world's first quantum satellite, marking a significant milestone in the field of quantum communication; this technological advancement could revolutionize data security and satellite communication, positioning China as a leader in the global space race.
     <fr> La Chine a lancé le premier satellite quantique du monde, marquant une étape importante dans le domaine de la communication quantique ; ce progrès technologique pourrait révolutionner la sécurité des données et la communication par satellite, positionnant la Chine comme un chef de file de la course spatiale mondiale.

49.  <en> Japan's robotics firms have introduced a new generation of personal assistant robots designed to provide companionship and assistance to the elderly, reflecting the country's innovative approach to addressing its aging population challenge through technology.
     <fr> Les firmes de robotique japonaises ont introduit une nouvelle génération de robots assistants destinés à fournir compagnie et assistance aux vieillards, ce qui reflète lapproche novatrice du pays pour relever par la technique son défi démographique vieillissant.

50.  <en> South Korea's entertainment industry has once again set a global trend with the release of a new television series that blends traditional Korean folklore with modern storytelling, captivating audiences worldwide and showcasing the richness of Korean culture.
     <fr> Lindustrie du divertissement en Corée du Sud a une fois de plus lancé une tendance mondiale avec la publication dune nouvelle série télévisée qui mêle le folklore coréen traditionnel à lhistoire moderne, captivant les auditoires du monde entier et montrant la richesse de la culture coréenne.

51.  <en> Thailand's tourism authority has unveiled a new campaign aimed at promoting eco-tourism and cultural preservation, inviting travelers to explore the country's hidden gems beyond its famous beaches, in an effort to distribute tourism benefits more evenly and sustainably.
     <fr> Lautorité thaïlandaise du tourisme a dévoilé une nouvelle campagne visant à promouvoir lécotourisme et la préservation culturelle, invitant les voyageurs à explorer les pierres précieuses cachées du pays au-delà de ses célèbres plages, dans un effort pour distribuer plus uniformément et durablement les bienfaits du tourisme.

52.  <en> Spain's government has passed a landmark environmental law, aiming to cut carbon emissions by 50% within the next decade; the law includes measures such as expanding green spaces in urban areas and investing heavily in public transportation and renewable energy.
     <fr> Le gouvernement espagnol a voté une loi historique sur lenvironnement, visant à réduire dici dix ans les émissions de carbone de 50 % ; la loi comprend des mesures comme lextension des espaces verts dans les zones urbaines et linvestissement important dans les transports publics et les énergies renouvelables.

53.  <en> In Brazil, a massive reforestation project in the Amazon rainforest has been launched, with the goal of planting 50 million trees by 2025; this initiative not only aims to combat deforestation but also to restore biodiversity and support indigenous communities.
     <fr> Au Brésil, un vaste projet de reforestation en forêt amazonienne a été lancé, dans le but de planter 50 millions darbres dici 2025 ; cette initiative vise non seulement à lutter contre la déforestation mais aussi à restaurer la biodiversité et à soutenir les communautés indigènes.

54.  <en> The Italian government has initiated a pioneering project to digitize the country's vast artistic heritage, making it accessible online through virtual reality tours, in a bid to promote Italian culture and history to a global audience and foster digital innovation in the arts.
     <fr> Le gouvernement italien a lancé un projet novateur pour numériser le vaste patrimoine artistique du pays, le rendre accessible en ligne grâce à des tournées de réalité virtuelle, dans le but de promouvoir la culture et lhistoire italiennes auprès dun public mondial et de favoriser linnovation numérique dans les arts.

55.  <en> Australia's scientific community has achieved a breakthrough in coral reef restoration technology, successfully developing a method to accelerate coral growth, which offers hope for the restoration of the Great Barrier Reef and other endangered coral ecosystems around the world.
     <fr> La communauté scientifique australienne a réalisé une avancée dans la restauration des récifs coralliens, mettant au point avec succès une méthode daccélération de la croissance des coraux, qui offre lespoir de la restauration de la Grande Barrière Reef et dautres écosystèmes coralliens menacés dans le monde.

56.  <en> Canada has introduced a new immigration policy designed to attract skilled workers in the technology sector, offering fast-track visas and incentives for startups, in a move to bolster the country's position as a leading destination for tech innovation and entrepreneurship.
     <fr> Le Canada a introduit une nouvelle politique dimmigration destinée à attirer des travailleurs qualifiés dans le secteur de la technologie, offrant des visas et des stimulants rapides aux start-ups, dans le but de conforter la position du pays en tant que destination de premier plan pour linnovation et lesprit dentreprise technologiques.

57.  <en> In India, a new initiative to convert agricultural waste into biofuel has the potential to revolutionize the country's energy sector, reduce air pollution caused by crop burning, and provide farmers with an additional source of income.
     <fr> En Inde, une nouvelle initiative de transformation des déchets agricoles en biocarburant a le potentiel de révolutionner le secteur énergétique du pays, de réduire la pollution de lair causée par lincendie des cultures, et de fournir aux agriculteurs une source supplémentaire de revenus.

58.  <en> Mexico's culinary scene has been recognized by UNESCO as an Intangible Cultural Heritage, highlighting the country's diverse culinary traditions and their role in community identity and sustainability; this recognition is expected to boost gastronomic tourism and preservation efforts.
     <fr> La scène culinaire mexicaine a été reconnue par lUnesco comme un patrimoine culturel immatériel, mettant en évidence les traditions culinaires diverses du pays et leur rôle dans lidentité et la durabilité des communautés ; cette reconnaissance devrait stimuler les efforts de tourisme et de préservation gastronomiques.

59.  <en> The United Kingdom has embarked on a groundbreaking project to map the genetic code of the British Isles, aiming to uncover the historical migrations and health patterns of its population, which could provide insights into genetic diseases and historical population movements.
     <fr> Le Royaume-Uni sest lancé dans un projet révolutionnaire de cartographie du code génétique des îles Britanniques, visant à découvrir les migrations historiques et les schémas sanitaires de sa population, qui pourraient fournir des aperçus des maladies génétiques et des mouvements historiques de population.

60.  <en> France has announced the launch of a new cultural initiative, "La Francophonie en Fête," aimed at promoting the French language and Francophone cultures around the world through a series of events, exhibitions, and educational programs, fostering cultural exchange and appreciation for the diversity of the Francophone world.
     <fr> France a annoncé le lancement dune nouvelle initiative culturelle, la Francophonie en Fête, visant à promouvoir la langue française et les cultures francophones du monde entier par une série dévénements, dexpositions et de programmes éducatifs, favorisant les échanges culturels et lappréciation de la diversité du monde francophone.

Translation time: 0.933s
================================================================================

