Model: Eugenememe/mix-en-zh-1m
1.   <en> The Louvre Museum in Paris dazzles with a new digital exhibit, blending classical art with cutting-edge technology, drawing a global audience to its historic halls.
     <zh> 巴黎卢浮宫博物馆闪耀着新的数字展品,将古典艺术与前沿科技交融,将全球观众引向其历史性殿堂。

2.   <en> Tokyo's cherry blossom season reaches a vibrant peak, drawing crowds for traditional celebrations amidst the fleeting beauty of sakura blooms.
     <zh> 东京樱花季达到生机勃勃的高峰,在樱花竞相绽放的瞬间美景中,为传统庆祝活动画下人群。

3.   <en> Brazil's Amazon sees a hopeful reduction in deforestation rates, thanks to impactful conservation policies and international collaborative efforts.
     <zh> 巴西亚马逊市在森林砍伐率方面看到了充满希望的降幅,这得益于影响深远的保护政策和国际协作努力。

4.   <en> Silicon Valley's latest startup revolution focuses on enhancing solar panel efficiency, promising a significant leap in sustainable energy solutions.
     <zh> 硅谷最新启动革命注重提升太阳能电池板效率,有望在能源可持续发展解决方案上实现大幅飞跃。

5.   <en> The Great Barrier Reef shows signs of recovery, with successful coral spawning hinting at resilience in the face of environmental challenges.
     <zh> 大堡礁呈现恢复迹象,珊瑚的成功产卵寓意着面对环境挑战时的韧性。

6.   <en> Innovative engineering helps Venice combat rising sea levels, preserving its iconic architecture and rich cultural heritage for future generations.
     <zh> 创新工程助力威尼斯抗击海平面上升,为子孙后代保存其标志性建筑和丰富的文化遗产。

7.   <en> South Korea's K-pop phenomenon continues to dominate global music charts, influencing fashion trends and social media across continents.
     <zh> 韩国的韩国流行现象继续主导全球音乐图表,影响着时尚潮流和跨大洲的社交媒体。

8.   <en> New archaeological finds in Luxor offer fresh insights into ancient Egyptian civilization, sparking interest among scholars and history enthusiasts.
     <zh> 新的考古发现在卢克索,为古埃及文明提供了鲜活的洞察,在学者和历史爱好者中引发了兴趣。

9.   <en> The United Nations Climate Change Conference sets ambitious new global emission reduction targets, with nations pledging to bolster sustainability efforts.
     <zh> 联合国气候变化大会设置了雄心勃勃的全球减排新目标,各国承诺支持可持续发展努力。

10.  <en> New York's burgeoning tech scene sees a surge in AI innovation, with startups focusing on ethical development and applications across industries.
     <zh> 纽约日新月异的科技场景,看到了人工智能创新的激增,初创企业专注于跨行业的伦理发展和应用。

11.  <en> Blockchain technology transforms London's financial district, enhancing security and efficiency in banking and financial transactions.
     <zh> 区块链技术改造了伦敦金融区,增强了银行和金融交易的安全和效率。

12.  <en> Kenya employs drone technology in wildlife reserves to monitor and protect endangered species, showcasing innovative conservation strategies.
     <zh> 在野生动物保护区,肯尼亚采用无人机技术监测保护濒危物种,展示了创新保护策略。

13.  <en> Spain's renewable energy sector hits a milestone, supplying over half of the country's power needs with wind and solar, showcasing sustainable progress.
     <zh> 西班牙可再生能源领域创下里程碑,用风和太阳能供应了该国一半以上的电力需求,展现了可持续的进步。

14.  <en> Innovative mosquito control techniques lead to a significant reduction in malaria cases in Sub-Saharan Africa, marking a victory for global health initiatives.
     <zh> 创新的蚊虫控制技术导致非洲撒哈拉以南地区疟疾病例大幅减少,标志着全球卫生健康倡议取得胜利。

15.  <en> Russia's ambitious Mars moon mission aims to collect samples and analyze their composition, contributing valuable data to space science.
     <zh> 俄罗斯雄心勃勃的火星月球任务旨在采集样品并分析其构成,为空间科学贡献宝贵数据。

16.  <en> The Netherlands further expands its extensive bicycle lane network, reinforcing its commitment to sustainable and healthy urban transportation.
     <zh> 荷进一步扩大粗放自行车车道网络,强化对可持续健康城市交通的承诺。

17.  <en> Antarctica's research stations provide crucial data on climate change, with scientists from around the world collaborating on groundbreaking projects.
     <zh> 南极洲的研究站提供了关键的气候变化数据,来自世界各地的科学家在开创性项目上展开合作。

18.  <en> A breakthrough in Alzheimer's treatment in Germany opens new possibilities, offering hope and potential relief to millions affected worldwide.
     <zh> 德国阿尔茨海默症治疗的突破,打开了新的可能性,为全球数百万受灾民众提供了希望和潜在缓解。

19.  <en> The Middle East's solar farms are set to revolutionize the region's approach to energy, highlighting a shift towards sustainability and innovation.
     <zh> 中东的太阳能电场,注定要对该地区的能源方式进行革命性改造,凸显向可持续性、创新性的转变。

20.  <en> Traditional Japanese tea ceremonies gain international popularity as a mindfulness practice, attracting enthusiasts seeking tranquility and cultural immersion.
     <zh> 日本传统茶道仪式作为体悟实践收获国际知名度,吸引了爱好者寻求安宁、文化沉浸。

21.  <en> The FIFA World Cup in Qatar showcases cutting-edge, eco-friendly stadium designs, setting new standards for sustainable sports event hosting.
     <zh> 卡塔尔国际足联世界杯展示前沿、环保的体育场馆设计,为可持续体育赛事举办设置了新标准。

22.  <en> New Zealand's approach to mental health care, emphasizing community support and nature-based therapies, offers a holistic model for global adoption.
     <zh> 新西兰在心理健康方面的做法强调社区支持和以自然为基础的疗法,为全球推广提供了整体模式。

23.  <en> An international summit in Switzerland addresses the complex challenges of digital privacy and cybersecurity, crucial in the age of emerging technologies.
     <zh> 在瑞士举行的国际峰会,针对数字隐私和网络安全等复杂挑战,在新兴技术时代至关重要。

24.  <en> Morocco's efforts to preserve its historic medinas not only enhance cultural tourism but also contribute to the urban revitalization of these ancient spaces.
     <zh> 摩洛哥努力保存历史中华美食,不仅提升了文化旅游,也为这些古老空间的城市振兴贡献了力量。

25.  <en> The cleanup of the Great Pacific Garbage Patch, through innovative marine debris collection systems, marks a significant step in ocean conservation efforts.
     <zh> 大太平洋垃圾池清理,通过创新的海洋废弃物收集系统,标志着海洋保护工作迈出了重大步伐。

26.  <en> Cuba's vibrant music and dance festivals celebrate the island's rich cultural heritage, drawing artists and enthusiasts from around the globe.
     <zh> 古巴生机勃勃的音乐舞节,欢庆着这座岛丰富的文化底蕴,绘就着来自全球各地的艺术家和爱好者。

27.  <en> The Nobel Peace Prize highlights the crucial role of press freedom activists in oppressive regimes, underscoring the fundamental importance of a free press.
     <zh> 诺贝尔和平奖凸显了新闻自由活动家在压迫政权中的关键作用,凸显了新闻自由的根本重要性。

28.  <en> Singapore's urban farming initiatives showcase innovative models of sustainable living, integrating green spaces and local food production into city life.
     <zh> 新加坡的城市养殖举措展示了永续生活的创新模式,将绿色空间和地方粮食生产融入城市生活。

29.  <en> A cultural exchange program between China and Europe fosters mutual understanding, enriching arts and education sectors across continents.
     <zh> 一场中欧文化交流计划,促进各大洲的相互理解、丰富艺术和教育部门。

30.  <en> South Africa's tech industry innovates in clean water access, employing new technologies and community approaches to address this critical issue.
     <zh> 南非科技产业在清洁用水方面创新,运用新技术和社区方式解决这一关键问题。

31.  <en> The Venice Biennale art exhibition becomes a platform for works addressing global environmental and social issues, sparking discussions and inspiring activism.
     <zh> 威尼斯双年艺术展成为解决全球环境社会问题的作品平台,引发讨论,鼓舞积极进取。

32.  <en> An international space station project symbolizes a new era of cooperation in space exploration, with countries from every continent participating.
     <zh> 一个国际空间站项目,象征着太空探索合作的新时代,每个大陆的国家都参与其中。

33.  <en> Argentina's Tango Festival, celebrating the dance's UNESCO status, draws performers and spectators worldwide, highlighting cultural heritage and passion.
     <zh> 阿根廷探戈节,庆祝舞蹈联合国教科文组织地位,在世界各地画出表演者和观众,彰显了文化底蕴和激情。

34.  <en> A Swedish company's breakthrough in battery technology promises to revolutionize electric vehicles and renewable energy storage, marking a significant advancement.
     <zh> 一家瑞典企业在电池技术方面的突破,承诺对电动汽车和可再生能源储存进行革命,标志着大幅进步。

35.  <en> Digitizing ancient manuscripts preserves cultural heritage, making it accessible online to scholars and the public, safeguarding these treasures for future generations.
     <zh> 数字化古代文稿保存文化遗产,让学者和公众在线上访问,为子孙后代守护这些瑰宝。

36.  <en> An international coral reef protection collaboration results in the largest coral transplantation project, showcasing global efforts to safeguard marine biodiversity.
     <zh> 一项国际性珊瑚礁保护协作成果是规模最大的珊瑚移植工程,展示了全球在维护海洋生物多样性方面所做的努力。

37.  <en> A culinary school in Italy offers scholarships to students from developing countries, promoting the exchange of culinary traditions and fostering global culinary talents.
     <zh> 意大利一所烹饪学校为发展中国家学生提供奖学金,促进烹饪传统交流,培养全球烹饪人才。

38.  <en> A new international treaty focuses on protecting indigenous rights, preserving traditional knowledge and languages, and acknowledging the importance of cultural heritage.
     <zh> 新的国际条约注重保护原住民权利,保护好传统知识和语言文字,承认文化遗产的重要性。

39.  <en> Independent films exploring themes of migration and identity highlight the global interconnectedness and shared human experiences, enriching the global film festival circuit.
     <zh> 自主电影探索的迁徙与身份主题彰显全球互联互通和人类经验分享,丰富了全球电影节回路。

40.  <en> Virtual reality recreates historical sites and events, offering immersive educational experiences and bringing history to life for students worldwide.
     <zh> 虚拟现实再造历史遗迹和事件,为世界范围内的学生提供沉浸式教育体验、让历史活起来。

41.  <en> A wildlife corridor in India aims to connect fragmented habitats, ensuring the safe passage of tigers and other species, highlighting the importance of ecological connectivity.
     <zh> 印度一条野生动物长廊,旨在串联碎片化栖息地,保障老虎等物种安全通行,凸显生态互联互通的重要性。

42.  <en> Colombia's international poetry festival celebrates the transformative power of words in promoting peace and reconciliation, drawing poets and enthusiasts from around the world.
     <zh> 哥伦比亚国际诗歌节庆祝言语对促进和平和解的变革力量,画出来自世界各地的诗人和爱好者。

43.  <en> The WHO's global campaign against antibiotic resistance emphasizes the responsible use of antibiotics, addressing one of the most pressing health challenges of our time.
     <zh> 世卫组织全球抗生素阻击战强调以负责任方式使用抗生素,应对了我们这个时代最紧迫的健康挑战之一。

44.  <en> Paris Fashion Week's focus on sustainable fashion showcases eco-friendly materials and ethical production, influencing the global fashion industry towards sustainability.
     <zh> 巴黎时尚周聚焦可持续时尚展示生态友好材料和伦理化生产,影响全球时尚产业迈向可持续发展。

45.  <en> The New Orleans International Jazz Festival highlights the evolution of jazz, influenced by African, Caribbean, and Latin American music, celebrating its rich and diverse heritage.
     <zh> 新奥尔良国际爵士音乐节突出爵士乐演进,受非洲、加勒比、拉美音乐的影响,庆祝其丰富多样的传承。

46.  <en> In Germany, a collaborative research project between major universities and automotive companies has led to the development of a groundbreaking electric vehicle battery, boasting an unprecedented range and charging speed, setting a new standard for the global electric vehicle industry.
     <zh> 在德国,一个各大高校与汽车企业的协同研究项目,带动了破土开工的电动汽车电池研制,吹嘘出前所未有的射程和充电速度,为全球电动汽车产业树立了新标准。

47.  <en> Vietnam's government has announced a significant investment in renewable energy infrastructure, focusing on solar and wind power, aiming to achieve 40% of its energy production from renewable sources by 2030, in a major push towards sustainability and environmental responsibility.
     <zh> 以太阳能和风电为重点,越南政府宣布对可再生能源基础设施进行重大投资,旨在到2030年实现可再生能源40%的能源生产,向可持续发展和环境责任的重大推送。

48.  <en> China has launched the world's first quantum satellite, marking a significant milestone in the field of quantum communication; this technological advancement could revolutionize data security and satellite communication, positioning China as a leader in the global space race.
     <zh> 中国发射了全球首颗量子卫星,标志着量子通信领域具有重大里程碑意义;这一技术进步可以使数据安全和卫星通信发生革命性变革,定位中国在全球太空竞赛中的领先地位。

49.  <en> Japan's robotics firms have introduced a new generation of personal assistant robots designed to provide companionship and assistance to the elderly, reflecting the country's innovative approach to addressing its aging population challenge through technology.
     <zh> 日本机器人企业引进新一代个人助理机器人,旨在为老年人提供陪伴和帮助,体现了国家通过技术应对人口老龄化挑战的创新方式。

50.  <en> South Korea's entertainment industry has once again set a global trend with the release of a new television series that blends traditional Korean folklore with modern storytelling, captivating audiences worldwide and showcasing the richness of Korean culture.
     <zh> 韩国娱乐业再次以新电视剧的发布为全球潮流,将朝鲜族传统民俗与现代故事讲述相结合,陶醉世界观众,展示朝鲜族文化的丰富性。

51.  <en> Thailand's tourism authority has unveiled a new campaign aimed at promoting eco-tourism and cultural preservation, inviting travelers to explore the country's hidden gems beyond its famous beaches, in an effort to distribute tourism benefits more evenly and sustainably.
     <zh> ”泰国旅游主管部门揭开了一场旨在推进生态旅游和文化保护的新运动,邀请旅客在名滩之外发掘国家隐形宝石,努力让旅游效益更均匀、更可持续地分配。

52.  <en> Spain's government has passed a landmark environmental law, aiming to cut carbon emissions by 50% within the next decade; the law includes measures such as expanding green spaces in urban areas and investing heavily in public transportation and renewable energy.
     <zh> 西班牙政府通过了具有里程碑意义的环境法,旨在在未来十年内实现碳减排50%;该法包括扩大城镇绿地、大力投资公共交通和可再生能源等措施。

53.  <en> In Brazil, a massive reforestation project in the Amazon rainforest has been launched, with the goal of planting 50 million trees by 2025; this initiative not only aims to combat deforestation but also to restore biodiversity and support indigenous communities.
     <zh> 在巴西,亚马孙雨林大规模植树造林项目已经启动,目标是到2025年植树5000万株;这一倡议不仅旨在打击毁林行为,还旨在恢复生物多样性,支持原住民社区。

54.  <en> The Italian government has initiated a pioneering project to digitize the country's vast artistic heritage, making it accessible online through virtual reality tours, in a bid to promote Italian culture and history to a global audience and foster digital innovation in the arts.
     <zh> 意大利政府发起一项将该国广袤艺术遗产数字化的开创性工程,通过虚拟现实游让其在线上访问,以图将意大利文化和历史推向全球受众,促进艺术数字化创新。

55.  <en> Australia's scientific community has achieved a breakthrough in coral reef restoration technology, successfully developing a method to accelerate coral growth, which offers hope for the restoration of the Great Barrier Reef and other endangered coral ecosystems around the world.
     <zh> 澳大利亚科学界在珊瑚礁修复技术方面取得突破,成功研发出加速珊瑚生长的方法,为全球大堡礁等濒危珊瑚生态系统的修复带来了希望。

56.  <en> Canada has introduced a new immigration policy designed to attract skilled workers in the technology sector, offering fast-track visas and incentives for startups, in a move to bolster the country's position as a leading destination for tech innovation and entrepreneurship.
     <zh> 加拿大出台新的移民政策,旨在吸引技术领域的技能工人,为初创企业提供快车道签证和激励,作为支撑国家技术创新创业领先目的地的举措。

57.  <en> In India, a new initiative to convert agricultural waste into biofuel has the potential to revolutionize the country's energy sector, reduce air pollution caused by crop burning, and provide farmers with an additional source of income.
     <zh> 在印度,一项将农业废弃物转化为生物燃料的新举措,有可能使国家能源领域发生革命性变革,减少农作物燃烧造成的空气污染,为农民提供更多收入来源。

58.  <en> Mexico's culinary scene has been recognized by UNESCO as an Intangible Cultural Heritage, highlighting the country's diverse culinary traditions and their role in community identity and sustainability; this recognition is expected to boost gastronomic tourism and preservation efforts.
     <zh> 墨西哥的烹饪场景被联合国教科文组织认定为非物质文化遗产,凸显了该国多样化的烹饪传统及其在社区认同和可持续性方面的作用;这种认可有望助推美食旅游和保鲜工作。

59.  <en> The United Kingdom has embarked on a groundbreaking project to map the genetic code of the British Isles, aiming to uncover the historical migrations and health patterns of its population, which could provide insights into genetic diseases and historical population movements.
     <zh> 英国已着手开天辟地的绘制英属岛屿基因密码工程,旨在揭开其人口的历史迁徙和健康规律,可以提供对遗传疾病和历史人口流动的洞察力。

60.  <en> France has announced the launch of a new cultural initiative, "La Francophonie en Fête," aimed at promoting the French language and Francophone cultures around the world through a series of events, exhibitions, and educational programs, fostering cultural exchange and appreciation for the diversity of the Francophone world.
     <zh> 法方宣布发起“法语汉语”新文化倡议,旨在通过一系列活动、展览、教育节目等,促进法语语言和法语文化在世界各地的传播,促进文化对法语世界多样性的交流和欣赏。

Translation time: 0.672s
================================================================================

