Model: Eugenememe/mix-en-vi-1m
Chủ tịch Vạn Thịnh Phát Trương Mỹ Lan đã đề nghị bàn giao 13 tài sản gia đình để bồi thường cho số tiền bị cáo buộc chiếm đoạt từ Ngân hàng Thương mại Sài Gòn.
Khu phố cổ Hà Nội ôm tấm thảm văn hóa, nơi kiến trúc hàng thế kỷ cũ đứng bên cạnh những con phố thị trường sôi động, đưa ra cái nhìn thoáng qua về di sản phong phú của Việt Nam.
Lễ hội Ao Dai thường niên tại TP HCM thể hiện vẻ đẹp và sự tiến hóa của trang phục truyền thống Việt Nam, thu hút những người tham gia từ khắp cả nước.
Đội tuyển bóng đá quốc gia Việt Nam đã giành chiến thắng trước Thái Lan, biểu dương lễ kỷ niệm trên khắp các tuyến phố Sài Gòn và điều chỉnh niềm tự hào dân tộc về môn thể thao này.
Tuyến cao tốc mới kết nối Hà Nội và Hải Phòng đã giảm đáng kể thời gian di chuyển, củng cố quan hệ kinh tế và du lịch giữa hai thành phố.
Đồ ăn đường phố Việt, nổi tiếng với sự đa dạng và hương vị, nổi tiếng quốc tế, với những món ăn như Bánh Mi và Pho dẫn đầu phí ẩm thực.
Lễ hội Firework của Đà Nẵng làm lu mờ khán giả với màn trình diễn ngoạn mục của các nghệ sĩ công nghệ, được thiết lập trước bối cảnh sông Hàn.
Mối lo ngại gia tăng về tác động môi trường của nhựa dùng một lần tại Việt Nam, khiến các cộng đồng, doanh nghiệp địa phương áp dụng các thực tiễn bền vững hơn.
Việc phát hiện ra các hiện vật cổ đại ở Đồng bằng sông Cửu Long mang đến những hiểu biết mới về các tuyến đường thương mại lịch sử và các nền văn minh thời kỳ đầu của Việt Nam.
Các startup công nghệ của Việt Nam đang có đà, với Sài Gòn nổi lên như một trung tâm sôi động cho đổi mới và khởi nghiệp ở Đông Nam Á.
Việc đưa ra luật bảo tồn động vật hoang dã mới nhằm mục đích bảo vệ các hệ sinh thái đa dạng và các loài có nguy cơ tuyệt chủng của Việt Nam, phản ánh nhận thức về môi trường ngày càng tăng.
Các thể loại âm nhạc truyền thống của Việt Nam như Cà Trung và Quân Hồ đang được hồi sinh, thu hút khán giả trẻ tuổi và giữ gìn di sản văn hóa.
Văn hóa cà phê Việt Nam, đặc trưng bởi các phương pháp pha chế độc đáo và hương vị đậm đà, tiếp tục thu hút những người đam mê cà phê trên toàn thế giới.
Mối quan tâm về chất lượng không khí tại Hà Nội thúc đẩy chính phủ và các sáng kiến cộng đồng thúc đẩy lựa chọn giao thông xanh hơn và các dự án lâm nghiệp đô thị.
Ngành công nghiệp điện ảnh Việt Nam chứng kiến sự phục hưng, với các nhà làm phim địa phương được quốc tế công nhận cho những câu chuyện khám phá lịch sử đất nước và các vấn đề xã hội đương đại.
Việc mở rộng các dự án năng lượng tái tạo tại Việt Nam, bao gồm điện mặt trời và điện gió, đánh dấu sự thay đổi đáng kể hướng tới phát triển bền vững.
Kiến trúc Sài Gòn là sự pha trộn giữa các tòa nhà thuộc địa Pháp, các tòa nhà chọc trời hiện đại và các ngôi nhà truyền thống của Việt Nam, phản ánh lịch sử và sự phát triển năng động của thành phố.
Sự hồi sinh của các công nghệ thủ công truyền thống của Việt Nam, như dệt lụa và sơn mài, hỗ trợ cộng đồng nông thôn và bảo tồn các kỹ thuật nghệ thuật lâu đời.
Cam kết cải cách giáo dục của Việt Nam thể hiện rõ trong nỗ lực hiện đại hóa chương trình giảng dạy, nhấn mạnh kỹ năng tư duy phê bình, mở rộng tiếp cận giáo dục chất lượng cho tất cả trẻ em.
Sự phổ biến ngày càng tăng của văn học Việt Nam ở nước ngoài mang lại sự chú ý toàn cầu đến truyền thống văn học phong phú và tiếng nói đương đại của đất nước.
Một nhà điều hành du lịch du lịch cho biết, khách VIP đến tham quan các tour du lịch tư nhân chi 15.000 USD mỗi ngày, đòi hỏi những trải nghiệm độc đáo và thích nhìn thấy văn hóa vỉa hè của Việt Nam hơn là được kén.
Ông Nguyễn Đức Hạnh, Giám đốc điều hành All Asia Vation, gần đây đã sắp xếp tour cho tỷ phú công nghệ người Mỹ Bill Gates tại Việt Nam vào đầu tháng 3, cho biết công ty của ông đã cung cấp dịch vụ cho nhiều du khách có tiếng từ khắp nơi trên thế giới bao gồm các ngôi sao Hollywood, huyền thoại quần vợt và CEO của các tập đoàn hàng đầu trong 20 năm qua.
Hầu hết họ chi trung bình 500 USD mỗi ngày, mặc dù một số chi tới 15.000 USD.
Tuy nhiên, việc tiếp cận với các tỷ phú và những người nổi tiếng toàn cầu khác vô cùng khó khăn, và công ty của Hạnh phải tìm cách liên hệ với các nhà quản lý cá nhân để giới thiệu sản phẩm tour du lịch.
Chiến dịch tốn nhiều thời gian nhất của nó, kéo dài năm năm, là bước vào hệ sinh thái của một công ty du lịch cao cấp ở Mỹ.
Khách hàng của nó là những người nổi tiếng và tỷ phú toàn cầu.
Hạnh phải đóng 1.000 USD ban đầu và sau đó phải trả phí hàng năm.
Sau đó, anh chờ năm năm để đối tác sắp xếp một cuộc hẹn tại Mỹ, mở ra cơ hội tiếp cận khách hàng tiềm năng.
Ông cho biết tất cả gói tour để khách hàng của công ty đó phải được thiết kế để đáp ứng sở thích cá nhân.
Chương trình du lịch khó khăn nhất anh từng làm là vào tháng 4/2017 với một trong bốn người giàu nhất Canada.
Nhóm 11 người của họ muốn thư giãn một thời gian ở Đà Nẵng trước khi đến Quảng Bình tham quan Sơn Đoòng, hang động lớn nhất thế giới.
Công ty của Hạnh phải giải quyết hai vấn đề.
Thứ nhất, khách tỷ phú không có thời gian ngồi trên ôtô trong sáu tiếng để đi từ Đà Nẵng ra Quảng Bình bằng đường bộ.
Thứ hai, đặt phòng cho tour Sơn Đoòng bị hạn chế và đầy đủ cả năm, nên sắp xếp tour ở thông báo ngắn là bên cạnh việc không thể.
Ông Hạnh cho biết hầu hết khách hàng siêu giàu đều không có thói quen đặt tour sớm và chỉ đưa ra quyết định du lịch vào phút chót, nhưng sẵn sàng chi bất kỳ khoản tiền nào để có được những trải nghiệm mình muốn.
Sau vô số cuộc họp, công ty của Hạnh đưa ra giải pháp bay bằng thủy phi cơ, hành trình một giờ.
Ban đầu các nhà khai thác thủy phi cơ từ chối nói "không có tuyến đường như vậy".
Nhưng với nỗ lực rất lớn một "đường bay mới" đã được ra mắt để phục vụ một nhóm chỉ 11 người.
Máy bay bay ở độ cao thấp, tạo điều kiện cho tỷ phú đến từ Canada, có danh tính vẫn còn là bí mật, cùng bạn bè thấy bờ biển xinh đẹp của Việt Nam.
Sau đó, công ty của Hạnh đã sắp xếp một tour riêng của Sơn Đoòng cho các vị khách.
Hạnh nói: "Không có gì là không thể. Nói không cũng có nghĩa là đóng cửa cho khách hàng của bạn".
Các điểm đến du lịch tại Việt Nam không còn là bí ẩn đối với du khách quốc tế, và vì vậy công ty của Hạnh đã tìm ra cách để cung cấp trải nghiệm du lịch mới.
Ví dụ, tại vịnh Hạ Long, một khách hàng khá giả có thể dễ dàng đặt chiếc du thuyền đắt giá nhất để ở lại qua đêm trên vịnh.
Nhưng tỷ phú muốn trải nghiệm của họ trở nên độc đáo.
Vịnh Hạ Long có nhiều bãi biển đẹp nhưng không được sử dụng vì nhiều lý do, bao gồm cả an toàn.Khi thủy triều dâng, một số bãi biển bị ngập nước.
Để tạo ra trải nghiệm độc đáo, công ty của Hạnh được các cơ quan chính phủ khác nhau cho phép sử dụng một bãi biển như vậy trong thủy triều thấp.Sau đó, tổ chức tiệc ở đó và dọn dẹp sau khi kết thúc.
Sáng hôm sau, khi tỷ phú thức dậy trên du thuyền, ông thấy bãi biển nơi bữa tiệc được tổ chức dưới nước.
"Sự tích cực đặc biệt quan trọng trong việc sắp xếp tour cho siêu giàu", ông Hạnh nói.
Dù các chuyến đi được chuẩn bị kỹ lưỡng từng chi tiết, những sai sót vẫn có thể xảy ra.
Hạnh từng sắp xếp tour cho một cặp vợ chồng VIP học nấu ăn tại nhà đầu bếp nổi tiếng ở Hội An. Các khách mời thực sự thích nhưng sau đó cho biết không gian của đầu bếp quá rộng khiến họ cảm thấy "ra khỏi chỗ".
Dịp khác, ông tổ chức tour cho một số du khách giàu có bằng trực thăng từ Hà Nội đến Sa Pa và Sa Pa đến Hà Giang.
Chuyến đi Hà Nội - Sa Pa diễn ra tốt đẹp, nhưng khi đến lượt về, thời tiết có mây và trực thăng không thể cất cánh.
"Không thể đổ lỗi cho thời tiết", Hạnh nói, nhưng cho biết thêm chuyến đi dành cho khách siêu giàu luôn có ít nhất hai kế hoạch dự phòng.
Trong trường hợp này, công ty lữ hành nói với khách du lịch bằng ô tô và bổ sung các dịch vụ bổ sung là "ứng dụng".
Sau nhiều năm phục vụ du khách giàu có, Hạnh nhận ra Việt Nam có rất nhiều mục tiêu, đặc biệt là về cảnh quan, văn hóa và sự thân thiện của người dân.
Ông cho biết nhiều tỷ phú thích trải nghiệm văn hóa vỉa hè hơn là được bao trùm lại.
"Họ đến Việt Nam vì thích văn hóa độc đáo".
Tuy nhiên, Việt Nam thấy khó thu hút khách VIP do thiếu các chuyến bay thẳng, chính sách visa không thân thiện và các thủ tục phức tạp để xin phép các dịch vụ đặc biệt.
Những người siêu giàu đến từ Bắc Mỹ muốn thăm Việt Nam đa phần phải quá cảnh trên tuyến đường, một nhiệm vụ tẻ nhạt khiến nhiều người chùn bước, Hạnh chỉ ra.
Gates, cùng cộng sự Paula Hurd, đi tour bốn ngày đến thành phố ven biển miền Trung Đà Nẵng từ ngày 4/3.
Cả Á Đông bố trí tour riêng để các em tìm hiểu về trà và thiền Việt Nam trên đỉnh núi Bản Cô cùng với nghệ sĩ trà Hoàng Anh Sương.
Nhân viên Vạn Thịnh Phát kiến nghị mức án quá khắc nghiệt
Một số cấp dưới của chủ tịch Vạn Thịnh Phát Trương Mỹ Lan đã gọi các đề nghị của các công tố viên về án tù 20 năm cho họ quá khắc nghiệt vì chỉ làm theo lệnh.
"Tôi chỉ làm theo lệnh và không biết mình phạm tội gì, nhưng các công tố viên vẫn đề nghị mức án nghiêm trọng như sếp của tôi", Đặng Phương Hoài Tâm, Chánh văn phòng công ty bất động sản, tự bào chữa vào chiều thứ Hai tại phiên tòa đang diễn ra tại TP HCM.
"Xin xem xét lại câu nói từ khi tôi phải độc thân chăm sóc bố mẹ và con cũ", Tâm nói.
Bà bị công tố viên hợp tác với người khác tố cáo giúp bà Lan phù hợp 171,34 nghìn tỷ đồng (6,85 tỷ USD) từ Ngân hàng Thương mại Sài Gòn và gây thiệt hại 57,35 nghìn tỷ đồng.
Họ đề nghị phạt tù 19-20 năm vì tội Tham ô.
Bà nói với Tòa án Nhân dân TP HCM rằng bà chưa bao giờ quản lý các công ty vỏ bọc hay các khoản vay của họ từ SCB, và bà không nhận thức được việc sếp của mình chiếm đoạt tiền từ ngân hàng.
Cô chỉ nhận công việc của Chánh văn phòng vì không có ai muốn, và công việc của cô không thay đổi sau khi làm vậy, cô tuyên bố.
Bà Lan và những lời khai của các bị cáo khác cho thấy bà không bao giờ thực hiện hành vi Tham ô.
Luật sư của cô cho biết Tâm chỉ làm theo chỉ dẫn của sếp và công việc của mình tương tự như của một kế toán viên cung cấp thông tin cho sếp.
Ông cho biết thêm nếu không có Tam, Lan và Vạn Thịnh Phát, các giám đốc điều hành vẫn có thể thực hiện tội ác của họ.
Ông Nguyễn Phương Anh, Phó giám đốc điều hành Sài Gòn Peninsula, cũng đã được đề nghị tạm giam 19-20 năm vì quản lý các công ty vỏ bọc và ký giấy tờ xin vay từ SCB.
Ông được cho là đã giúp bà Lan bỏ túi 297,42 nghìn tỷ đồng và gây thiệt hại 128,73 nghìn tỷ đồng cho SCB.
Nhưng luật sư của ông cho biết ông chỉ là một nhân viên không được hưởng lợi từ tội ác của bà Lan, và cần tiền lương để trả cho cuộc phẫu thuật của vợ.
Ông cho biết, ông là phó giám đốc điều hành danh nghĩa nhưng không có bất kỳ quyền hạn nào, thiếu kiến thức về pháp luật và cho rằng mọi thứ bà Lan làm là hợp pháp bởi bà đã được ngân hàng trung ương đưa vào tái cơ cấu SCB.
Các công tố viên đã đề nghị mức án tử hình cho bà Lan vì phạm tội nghiêm trọng trong thời gian dài và gây hậu quả không thể chối cãi.
Từ năm 2012 đến 2022, bà và đồng phạm bị cáo buộc thu 2.500 khoản vay trị giá hơn 1 triệu đồng (44 tỷ USD), chiếm 93% tổng danh mục đầu tư tín dụng của ngân hàng trong giai đoạn này.
Bà bị cáo buộc gây thiệt hại 498 nghìn tỷ đồng cho ngân hàng
Translation time: 1.226s
================================================================================

