
Model: Eugenememe/netflix-en-vi
--------------------------------------------------------------------------------
1. Source: I love you
   Translation: Anh yêu em
2. Source: User: How are you doing?
   Translation: Người dùng: bạn thế nào?
3. Source: How do you call a fast Flan-ingo?
   Translation: Làm thế nào để gọi một chiếc Flan-ingo nhanh?
4. Source: Friedrich Wilhelm Nietzsche was a German philosopher. He began his career as a classical philologist before turning to philosophy.
   Translation: Friedrich Wilhelm Fletcher là một triết gia người Đức. Ông bắt đầu sự nghiệp của mình với tư cách một nhà chiêm tinh học trước khi chuyển sang triết học.
5. Source: George Soros Quotes. I'm only rich because I know when I'm wrong. It's not whether you're right or wrong, but how much money you make when you're right and how much you lose when you're wrong
   Translation: George Soros Quotes. Tôi chỉ giàu vì tôi biết khi tôi sai. Không phải là bạn đúng hay sai, mà là bạn kiếm được bao nhiêu tiền khi bạn đúng và bạn mất bao nhiêu khi sai.
6. Source: It is much easier to put existing resources to better use, than to develop resources where they do not exist.
   Translation: Dễ sử dụng nguồn tài nguyên hiện đại hơn nhiều, hơn là phát triển tài nguyên mà họ không tồn tại.
7. Source: Van Thinh Phat chairwoman Truong My Lan has offered to hand in 13 family-owned assets as compensation for the money she is accused of appropriating from Saigon Commercial Bank.
   Translation: Nữ chủ tịch Van Dieth Phang My Lan đã đề nghị giao nộp 13 tài sản gia đình để bồi thường số tiền mà cô ấy bị buộc tội phân bổ tài sản từ ngân hàng thương mại Sài Gòn.
8. Source: Today, before the judges, I promise to submit my shares and the shares of my children and friends to the State Bank of Vietnam for the purpose of managing SCB, she told the People's Court of Ho Chi Minh City Tuesday.
   Translation: Hôm nay, trước các thẩm phán, tôi hứa sẽ nộp cổ phần của mình và cổ phần của các con và bạn bè của tôi cho Ngân hàng Quốc gia Việt Nam nhằm quản lý SCB, cô ấy đã nói với Tòa án Nhân dân Ho Chi Minh City thứ ba.
--------------------------------------------------------------------------------
Translation time: 0.319s
================================================================================

Model: ct2fast-netflix-en-vi
--------------------------------------------------------------------------------
1. Source: I love you
   Translation: Anh yêu em
2. Source: User: How are you doing?
   Translation: Người dùng: bạn thế nào?
3. Source: How do you call a fast Flan-ingo?
   Translation: Làm sao gọi nhanh được một chiếc Flan-ingo?
4. Source: Friedrich Wilhelm Nietzsche was a German philosopher. He began his career as a classical philologist before turning to philosophy.
   Translation: Friedrich Wilhelm film là một triết gia người Đức. Ông bắt đầu sự nghiệp của một nhà khoa học khoa học khoa học trước khi chuyển sang triết học.
5. Source: George Soros Quotes. I'm only rich because I know when I'm wrong. It's not whether you're right or wrong, but how much money you make when you're right and how much you lose when you're wrong
   Translation: George Soros Quotes. Tôi chỉ giàu vì tôi biết khi nào tôi sai. Không phải là bạn đúng hay sai, mà là bạn kiếm được bao nhiêu tiền khi bạn đúng và bạn mất bao nhiêu khi sai.
6. Source: It is much easier to put existing resources to better use, than to develop resources where they do not exist.
   Translation: Dễ sử dụng nguồn tài nguyên hiện đại hơn nhiều, hơn là phát triển tài nguyên mà họ không tồn tại.
7. Source: Van Thinh Phat chairwoman Truong My Lan has offered to hand in 13 family-owned assets as compensation for the money she is accused of appropriating from Saigon Commercial Bank.
   Translation: Nữ chủ tịch Van Dinth Phang My Lan đã đề nghị giao nộp 13 tài sản gia đình để bồi thường số tiền mà cô ấy bị buộc tội phân bổ tài sản từ ngân hàng thương mại Sài Gòn.
8. Source: Today, before the judges, I promise to submit my shares and the shares of my children and friends to the State Bank of Vietnam for the purpose of managing SCB, she told the People's Court of Ho Chi Minh City Tuesday.
   Translation: Hôm nay, trước các thẩm phán, tôi hứa sẽ chia sẻ cổ phần của mình và cổ phần của con cái và bạn bè của tôi cho Ngân hàng Quốc gia Việt Nam nhằm quản lý SCB, cô ấy đã nói với Tòa án Nhân dân Ho Chi Minh City thứ ba.
--------------------------------------------------------------------------------
Translation time: 0.117s
================================================================================

Model: Eugenememe/news-en-vi
--------------------------------------------------------------------------------
1. Source: I love you
   Translation: Anh yêu em
2. Source: User: How are you doing?
   Translation: Người dùng: bạn đang làm gì?
3. Source: How do you call a fast Flan-ingo?
   Translation: Làm thế nào để gọi một chiếc Flan-ingo nhanh?
4. Source: Friedrich Wilhelm Nietzsche was a German philosopher. He began his career as a classical philologist before turning to philosophy.
   Translation: Friedrich Wilhelm” là một nhà triết học người Đức. Ông bắt đầu sự nghiệp của mình với tư cách là một nhà hiền triết cổ điển trước khi chuyển sang triết học.
5. Source: George Soros Quotes. I'm only rich because I know when I'm wrong. It's not whether you're right or wrong, but how much money you make when you're right and how much you lose when you're wrong
   Translation: George Soros Quotes. Tôi chỉ giàu vì tôi biết khi nào tôi sai. Không phải là bạn đúng hay sai, mà là bạn kiếm được bao nhiêu tiền khi bạn đúng và bạn mất bao nhiêu khi bạn sai.
6. Source: It is much easier to put existing resources to better use, than to develop resources where they do not exist.
   Translation: Thật dễ dàng hơn nhiều khi sử dụng các nguồn tài nguyên hiện tại tốt hơn nhiều, hơn là phát triển các nguồn lực mà chúng không tồn tại.
7. Source: Van Thinh Phat chairwoman Truong My Lan has offered to hand in 13 family-owned assets as compensation for the money she is accused of appropriating from Saigon Commercial Bank.
   Translation: Chủ tịch Văn Phat, Trường Giang My Lan, đã đề nghị giao nộp 13 tài sản sở hữu gia đình để bồi thường cho số tiền mà cô bị buộc tội phân bổ ngân hàng xã hội Sài Gòn.
8. Source: Today, before the judges, I promise to submit my shares and the shares of my children and friends to the State Bank of Vietnam for the purpose of managing SCB, she told the People's Court of Ho Chi Minh City Tuesday.
   Translation: Hôm nay, trước các thẩm phán, tôi hứa sẽ nộp cổ phiếu của mình và cổ phiếu của các con và bạn bè của tôi cho Ngân hàng Nhà nước Việt Nam vì mục đích quản lý SCB, cô chia sẻ với Tòa án Nhân dân Thành phố Hồ Chí Minh hôm thứ Ba.
--------------------------------------------------------------------------------
Translation time: 0.202s
================================================================================

Model: ct2fast-news-en-vi
--------------------------------------------------------------------------------
1. Source: I love you
   Translation: Anh yêu em
2. Source: User: How are you doing?
   Translation: Người dùng: bạn đang làm gì?
3. Source: How do you call a fast Flan-ingo?
   Translation: Làm thế nào để gọi một chiếc Flan-ingo nhanh?
4. Source: Friedrich Wilhelm Nietzsche was a German philosopher. He began his career as a classical philologist before turning to philosophy.
   Translation: Friedrich Wilhelm” là một nhà triết học người Đức. Ông bắt đầu sự nghiệp của mình với tư cách là một nhà từ thiện cổ điển trước khi chuyển sang triết học.
5. Source: George Soros Quotes. I'm only rich because I know when I'm wrong. It's not whether you're right or wrong, but how much money you make when you're right and how much you lose when you're wrong
   Translation: George Soros Quotes. Tôi chỉ giàu vì tôi biết khi nào tôi sai. Không phải là bạn đúng hay sai, mà là bạn kiếm được bao nhiêu tiền khi bạn đúng và bạn mất bao nhiêu khi bạn sai.
6. Source: It is much easier to put existing resources to better use, than to develop resources where they do not exist.
   Translation: Việc sử dụng nguồn lực hiện tại tốt hơn nhiều thì dễ dàng hơn nhiều, hơn là phát triển các nguồn lực mà họ không tồn tại.
7. Source: Van Thinh Phat chairwoman Truong My Lan has offered to hand in 13 family-owned assets as compensation for the money she is accused of appropriating from Saigon Commercial Bank.
   Translation: Chủ tịch Văn Phương Phat, Trường Văn Lan, đã đề nghị giao nộp 13 tài sản sở hữu gia đình để bồi thường cho số tiền mà cô bị buộc tội phân bổ ngân hàng xã hội Sài Gòn.
8. Source: Today, before the judges, I promise to submit my shares and the shares of my children and friends to the State Bank of Vietnam for the purpose of managing SCB, she told the People's Court of Ho Chi Minh City Tuesday.
   Translation: Hôm nay, trước các thẩm phán, tôi hứa sẽ nộp cổ phiếu của mình và cổ phiếu của các con và bạn bè của tôi cho Ngân hàng Nhà nước Việt Nam nhằm mục đích quản lý SCB, cô đã nói với Tòa án Nhân dân Thành phố Hồ Chí Minh hôm thứ Ba.
--------------------------------------------------------------------------------
Translation time: 0.074s
================================================================================
