Model: Eugenememe/netflix-es-en
The president of Grupo Inmobiliario Torres Doradas, Carmen Sánchez, has pledged to hand over 13 family owned assets as compensation for the money she is accused of diverting from the Commercial Bank of Saigon.
The Old Quarter of Madrid is home to a cultural tapestry, where centuries-old architecture is located next to vibrant market streets, offering a look at Spain's rich heritage.
The annual Flamenco festival in Seville shows the beauty and evolution of traditional Spanish dance, attracting participants from all over the country.
The Spanish national football team won a victory against Portugal, unleashing celebrations on the streets of Barcelona and rekindling national pride for sport.
The new highway that connects Madrid and Valencia has significantly reduced travel time, strengthening the economic and tourist links between the two cities.
Spanish street food, known for its diversity and flavor, gains international fame, with dishes like Tapas and Paella leading the culinary burden.
The Artificial Fire Festival in Valencia dazzles viewers with a spectacular display of fireworks, set in the context of the Turia River.
The concern about the environmental impact of single-use plastics in Spain motivates local communities and businesses to adopt more sustainable practices.
The discovery of ancient artifacts in Andalusia offers new perspectives on the historical trade routes of Spain and the first civilizations.
Technology startups in Spain are gaining momentum, with Barcelona emerging as a vibrant centre for innovation and entrepreneurship in Europe.
The introduction of a new wildlife conservation law aims to protect Spain's diverse ecosystems and endangered species, reflecting a growing environmental awareness.
Traditional Spanish musical genres like Flamenco and Jota are experiencing a revival, attracting younger audiences and preserving cultural heritage.
The culture of Spanish coffee, characterized by its unique methods of making and robust flavors, continues to captivate coffee enthusiasts around the world.
Air quality concerns in Madrid are driving government and community initiatives to promote greener transportation options and urban afforestation projects.
Spain's film industry is experiencing a revival, with local filmmakers gaining international recognition for stories that explore the country's history and contemporary social problems.
The expansion of renewable energy projects in Spain, including solar and wind energy, marks a significant shift towards sustainable development.
Barcelona's architecture is a mixture of Gothic buildings, Gaudí's modernist buildings and contemporary constructions, reflecting the city's dynamic history and growth.
The resurgence of traditional Spanish handicrafts, such as ceramics and lace, supports rural communities and preserves ancestral artistic techniques.
Spain's commitment to education reform is evident in its efforts to modernize the curriculum, emphasize critical thinking skills, and expand access to quality education for all children.
The growing popularity of Spanish literature abroad attracts worldwide attention to the country's rich literary traditions and contemporary voices.
The April Fair in Seville transforms the city into a show of color, music and dance, highlighting the rich folk tradition of Andalusia.
The Prado Museum in Madrid attracts art lovers from all over the world with its impressive collection of masterpieces of European painting.
Tomatina, an annual tomato battle in Buñol, has become an iconic Spanish event that attracts international visitors in search of unusual fun.
Antoni Gaudí's modernist architecture in Barcelona, especially the Sagrada Familia, symbolizes Catalan innovation and creativity.
The wine cellars of La Rioja offer unique winemaking experiences, immersing visitors in the world of world renowned Spanish wine.
The Camino de Santiago, an ancient pilgrimage route, continues to attract hikers from all over the world with its blend of spirituality and natural beauty.
The Canary Islands are known for their eternal spring climate, volcanic landscapes and pristine beaches, making them a major tourist destination.
The San Sebastián Film Festival is a major event on Spain's cultural calendar, attracting filmmakers and film enthusiasts from all over the world.
The revitalization of the Alhambra in Granada highlights the Islamic influence on Spanish history and its unique fusion of cultures.
The Faults of Valencia, with their impressive stone cardboard figures and fireworks, celebrate the arrival of spring with art and pyrotechnics.
The boom in molecular gastronomy in Spain, led by chefs like Ferran Adrià, has revolutionized the world culinary scene.
The beaches of Tarifa on the Costa de la Luz are a paradise for windsurfers and kitesurfers, thanks to its strong and constant winds.
The conservation of Iberian lynx in Andalusia demonstrates Spain's commitment to the protection of its unique biodiversity.
The Altamira caves in Cantabria, known for their prehistoric cave paintings, offer a window to the first inhabitants of Europe.
The Spanish fashion industry, with figures such as Balenciaga and Loewe, has won recognition for its innovation and quality.
The AVE, Spain's high speed train, has transformed national transport, connecting major cities within hours.
Electronic music festivals in Ibiza have consolidated the island as a global destination for music and nightlife lovers.
The drive towards smart and sustainable cities is seen in innovative projects in Barcelona that seek to improve the quality of urban life.
The tradition of siesta, although in decline, remains an interesting cultural aspect that reflects the pace of Spanish life.
The reintroduction of the brown bear into the Pyrenees shows successful efforts in the conservation of endangered native species.
The revival of the Malasaña district in Madrid makes it the heart of the Spanish hipster movement, with its vintage shops, artisan cafes and vibrant nightlife.
The construction of the Technology Park of Valencia promotes innovation and the development of startups, positioning the city as a technological hub in the Mediterranean.
The Carnival of Tenerife, one of the largest and most spectacular in the world, displays extravagant parades and colorful costumes, attracting tourists from all over the world.
The recovery of the Manzanares River in Madrid has transformed the area into a green space for recreation, promoting sustainability and citizen welfare.
The Royal Andalusian School of Equestrian Art in Jerez de la Frontera is world renowned for its spectacular equestrian ballet, showing the high school of classical dome.
The ARCO contemporary art fair in Madrid is a key event for collectors, galleries and artists, reflecting the vibrant Spanish art scene.
The impact of climate change on the Balearic Islands is driving ecological and sustainable initiatives to preserve its natural beauty and tourism.
The reforestation project in the Sierra de Guadarrama seeks to combat erosion and maintain the biodiversity of the national park near Madrid.
The Jumilla wine route in Murcia offers an immersive experience in the world of Monastrell wines, highlighting the region's wine wealth.
The excavations in Atapuerca, Burgos, provide clues about the first settlers of Europe, enriching our understanding of human prehistory.
The growing popularity of paddle surfing on the Costa del Sol reflects the interest in water sports and an active lifestyle on the Mediterranean coast.
The movement of bicycle friendly cities gains ground in Seville, with the expansion of bike lanes and rental systems, promoting sustainable transport.
The revitalization of the textile industry in Galicia, led by brands like Zara, has made the region an important global fashion hub.
The Roque de los Muchachos Observatory in La Palma is a key point for global astronomical research, taking advantage of the clear skies of the Canary Islands.
The tradition of "chiringuitos" on the beaches of Malaga is modernized, offering high quality local cuisine by the Mediterranean Sea.
The introduction of native plant species in Valencia’s urban parks fosters biodiversity and ecological awareness in the city.
The rise of wine tourism in Ribera del Duero reflects the growing interest in Spanish wine culture and gastronomy.
The Gijón International Film Festival is consolidated as a showcase of independent cinema, attracting emerging talent and cinéfilos.
The restoration of the Arab wall of Cordoba allows visitors to explore the city's rich Islamic history and unique cultural heritage.
The development of offshore wind farms in the Bay of Biscay shows Spain's commitment to renewable energies and the fight against climate change.
Translation time: 1.038s
================================================================================

