Model: Eugenememe/netflix-en-vi
1.   <en> The Louvre Museum in Paris dazzles with a new digital exhibit, blending classical art with cutting-edge technology, drawing a global audience to its historic halls.
     <vi> Bảo tàng museum ở Paris, với một triển lãm kỹ thuật số mới, hòa hợp nghệ thuật cổ điển với công nghệ tiên tiến, thu hút khán giả toàn cầu đến các hội trường lịch sử.

2.   <en> Tokyo's cherry blossom season reaches a vibrant peak, drawing crowds for traditional celebrations amidst the fleeting beauty of sakura blooms.
     <vi> Mùa hoa anh đào Tokyo đạt đỉnh cao, thu hút đám đông ăn mừng truyền thống giữa vẻ đẹp chóng mặt của hoa nở.

3.   <en> Brazil's Amazon sees a hopeful reduction in deforestation rates, thanks to impactful conservation policies and international collaborative efforts.
     <vi> Amazon của Brazil thấy tỷ lệ phá rừng giảm đáng kể, nhờ vào chính sách bảo tồn ảnh hưởng và nỗ lực quân sự quốc tế.

4.   <en> Silicon Valley's latest startup revolution focuses on enhancing solar panel efficiency, promising a significant leap in sustainable energy solutions.
     <vi> Cuộc cách mạng mới nhất của Thung lũng Silicon tập trung vào việc tăng cường hiệu suất năng lượng mặt trời, hứa hẹn một bước nhảy vọt đáng kể trong giải pháp năng lượng bền vững.

5.   <en> The Great Barrier Reef shows signs of recovery, with successful coral spawning hinting at resilience in the face of environmental challenges.
     <vi> Dải rào đá khổng lồ cho thấy dấu hiệu phục hồi, với san hô thành công gợi lên sự kiên cường khi đối mặt với thử thách môi trường.

6.   <en> Innovative engineering helps Venice combat rising sea levels, preserving its iconic architecture and rich cultural heritage for future generations.
     <vi> Kỹ thuật sáng tạo giúp Venice chiến đấu với mực nước biển dâng lên, bảo tồn kiến trúc biểu tượng và di sản văn hóa phong phú cho các thế hệ tương lai.

7.   <en> South Korea's K-pop phenomenon continues to dominate global music charts, influencing fashion trends and social media across continents.
     <vi> Hiện tượng K-pop của Hàn Quốc tiếp tục thống trị các bản đồ âm nhạc toàn cầu, ảnh hưởng đến các xu hướng thời trang và truyền thông xã hội trên khắp các lục địa.

8.   <en> New archaeological finds in Luxor offer fresh insights into ancient Egyptian civilization, sparking interest among scholars and history enthusiasts.
     <vi> Những phát hiện khảo cổ mới ở Luxor cung cấp những kiến thức mới về nền văn minh Ai Cập cổ đại, gợi sự chú ý giữa các học giả và các nhà nghiên cứu lịch sử.

9.   <en> The United Nations Climate Change Conference sets ambitious new global emission reduction targets, with nations pledging to bolster sustainability efforts.
     <vi> Hội Đồng Thay đổi Liên Hiệp Quốc thiết lập những mục tiêu mới về việc tiêu diệt toàn cầu đầy tham vọng, với các quốc gia đang nỗ lực củng cố sự bền vững.

10.  <en> New York's burgeoning tech scene sees a surge in AI innovation, with startups focusing on ethical development and applications across industries.
     <vi> Cảnh công nghệ phát triển của New York thấy sự gia tăng trong sự đổi mới của AI, với sự khởi đầu tập trung vào phát triển đạo đức và ứng dụng qua các ngành công nghiệp.

11.  <en> Blockchain technology transforms London's financial district, enhancing security and efficiency in banking and financial transactions.
     <vi> Công nghệ ngăn chặn biến đổi khu vực tài chính London, tăng cường an ninh và hiệu quả trong các giao dịch ngân hàng và tài chính.

12.  <en> Kenya employs drone technology in wildlife reserves to monitor and protect endangered species, showcasing innovative conservation strategies.
     <vi> Kenya sử dụng công nghệ máy bay không người lái trong môi trường hoang dã dự trữ để giám sát và bảo vệ các loài có nguy cơ tuyệt chủng, trình diễn các chiến lược bảo tồn sáng tạo.

13.  <en> Spain's renewable energy sector hits a milestone, supplying over half of the country's power needs with wind and solar, showcasing sustainable progress.
     <vi> Khu vực năng lượng tái tạo của Tây Ban Nha đạt được một mức độ quan trọng, cung cấp hơn một nửa nhu cầu năng lượng của đất nước bằng gió và năng lượng mặt trời, trình diễn sự phát triển bền vững.

14.  <en> Innovative mosquito control techniques lead to a significant reduction in malaria cases in Sub-Saharan Africa, marking a victory for global health initiatives.
     <vi> Kỹ thuật kiểm soát muỗi có tính cách tiên tiến dẫn đến giảm đáng kể các ca sốt rét ở Châu Phi cận Thổ Nhĩ Kỳ, đánh dấu chiến thắng cho các sáng kiến sức khỏe toàn cầu.

15.  <en> Russia's ambitious Mars moon mission aims to collect samples and analyze their composition, contributing valuable data to space science.
     <vi> Nhiệm vụ sao Hỏa đầy tham vọng của Nga nhằm thu thập mẫu vật và phân tích thành phần của chúng, đóng góp dữ liệu có giá trị vào khoa học vũ trụ.

16.  <en> The Netherlands further expands its extensive bicycle lane network, reinforcing its commitment to sustainable and healthy urban transportation.
     <vi> Hà Lan mở rộng mạng lưới đường xe đạp rộng lớn, củng cố sự cam kết của nó với phương tiện vận chuyển đô thị bền vững và lành mạnh.

17.  <en> Antarctica's research stations provide crucial data on climate change, with scientists from around the world collaborating on groundbreaking projects.
     <vi> Các trạm nghiên cứu của Nam Cực cung cấp dữ liệu quan trọng về biến đổi khí hậu, với các nhà khoa học trên khắp thế giới hợp tác với nhau trong các dự án đột phá.

18.  <en> A breakthrough in Alzheimer's treatment in Germany opens new possibilities, offering hope and potential relief to millions affected worldwide.
     <vi> Một bước đột phá trong cách điều trị Alzheimer ở Đức mở ra những khả năng mới, mang lại hy vọng và sự cứu trợ tiềm năng cho hàng triệu người bị ảnh hưởng trên toàn thế giới.

19.  <en> The Middle East's solar farms are set to revolutionize the region's approach to energy, highlighting a shift towards sustainability and innovation.
     <vi> Các nông trại năng lượng mặt trời ở Trung Đông được thiết lập để cách mạng hóa cách tiếp cận của khu vực với năng lượng, nhấn mạnh sự thay đổi hướng tới sự bền vững và đổi mới.

20.  <en> Traditional Japanese tea ceremonies gain international popularity as a mindfulness practice, attracting enthusiasts seeking tranquility and cultural immersion.
     <vi> Bữa tiệc trà của người Nhật nổi tiếng khắp thế giới với tư cách là thực hành tinh thần, thu hút những người ham muốn hòa nhã và trầm mình trong văn hóa.

21.  <en> The FIFA World Cup in Qatar showcases cutting-edge, eco-friendly stadium designs, setting new standards for sustainable sports event hosting.
     <vi> Chiếc cúp Thế giới FIFA ở HTML có thể trưng bày các thiết kế sân vận động thân thiện với môi trường sinh thái, thiết lập tiêu chuẩn mới cho tổ chức sự kiện thể thao bền vững.

22.  <en> New Zealand's approach to mental health care, emphasizing community support and nature-based therapies, offers a holistic model for global adoption.
     <vi> Cách tiếp cận với chăm sóc sức khỏe tâm thần của New Zealand, khuyến khích cộng đồng hỗ trợ và các liệu pháp dựa trên thiên nhiên, đưa ra một mô hình tổng thể cho việc nhận nuôi toàn cầu.

23.  <en> An international summit in Switzerland addresses the complex challenges of digital privacy and cybersecurity, crucial in the age of emerging technologies.
     <vi> Một hội nghị quốc tế ở Thụy Sĩ nói về những thách thức phức tạp của sự riêng tư kỹ thuật số và an ninh mạng, rất quan trọng trong thời đại công nghệ hiện đại.

24.  <en> Morocco's efforts to preserve its historic medinas not only enhance cultural tourism but also contribute to the urban revitalization of these ancient spaces.
     <vi> Nỗ lực của Ma Rốc để bảo tồn nền kinh tế lịch sử không chỉ cải thiện du lịch văn hóa mà còn góp phần tạo nên sự đổi mới thành thị của những không gian cổ xưa này.

25.  <en> The cleanup of the Great Pacific Garbage Patch, through innovative marine debris collection systems, marks a significant step in ocean conservation efforts.
     <vi> Việc dọn dẹp bãi rác Thái Bình Dương vĩ đại, thông qua hệ thống phân mảnh biển đổi mới, đánh dấu một bước quan trọng trong các nỗ lực bảo tồn đại dương.

26.  <en> Cuba's vibrant music and dance festivals celebrate the island's rich cultural heritage, drawing artists and enthusiasts from around the globe.
     <vi> Nhạc sống động và các lễ hội nhảy múa của Cuba ăn mừng di sản văn hóa phong phú của hòn đảo, vẽ các nghệ sĩ và những người say mê khắp nơi trên thế giới.

27.  <en> The Nobel Peace Prize highlights the crucial role of press freedom activists in oppressive regimes, underscoring the fundamental importance of a free press.
     <vi> Giải Nobel Hòa bình nhấn mạnh vai trò chủ yếu của các nhà hoạt động tự do báo chí trong các chế độ áp bức, nhấn mạnh tầm quan trọng cơ bản của báo chí miễn phí.

28.  <en> Singapore's urban farming initiatives showcase innovative models of sustainable living, integrating green spaces and local food production into city life.
     <vi> Các sáng kiến nông nghiệp đô thị của Singapore cho thấy các mô hình sáng tạo của sự sống bền vững, tích hợp các không gian xanh và sản xuất thực phẩm địa phương vào đời sống thành phố.

29.  <en> A cultural exchange program between China and Europe fosters mutual understanding, enriching arts and education sectors across continents.
     <vi> Một chương trình trao đổi văn hóa giữa Trung Quốc và Châu Âu khuyến khích sự hiểu biết lẫn nhau, phong phú nghệ thuật và lĩnh vực giáo dục trên khắp các lục địa.

30.  <en> South Africa's tech industry innovates in clean water access, employing new technologies and community approaches to address this critical issue.
     <vi> Ngành công nghiệp kỹ thuật hóa ở Nam Phi có thể sử dụng nước sạch, sử dụng các công nghệ mới và cộng đồng tiếp cận để giải quyết vấn đề quan trọng này.

31.  <en> The Venice Biennale art exhibition becomes a platform for works addressing global environmental and social issues, sparking discussions and inspiring activism.
     <vi> Buổi triển lãm nghệ thuật Venice Bananle trở thành nền tảng cho công việc giải quyết các vấn đề môi trường và xã hội toàn cầu, khơi dậy những cuộc thảo luận và chủ nghĩa hoạt động đầy cảm hứng.

32.  <en> An international space station project symbolizes a new era of cooperation in space exploration, with countries from every continent participating.
     <vi> Một dự án trạm không gian quốc tế tượng trưng cho một kỷ nguyên mới của sự hợp tác trong việc thám hiểm vũ trụ, với các quốc gia từ mọi lục địa tham gia.

33.  <en> Argentina's Tango Festival, celebrating the dance's UNESCO status, draws performers and spectators worldwide, highlighting cultural heritage and passion.
     <vi> Lễ hội Tango của Argentina, kỷ niệm trạng thái khiêu vũ của TED, thu hút nghệ sĩ và khán giả trên toàn thế giới, làm nổi bật di sản văn hóa và đam mê.

34.  <en> A Swedish company's breakthrough in battery technology promises to revolutionize electric vehicles and renewable energy storage, marking a significant advancement.
     <vi> Một bước đột phá của công ty Thụy Điển trong công nghệ ắc quy hứa hẹn sẽ cung cấp điện cho xe cộ và kho năng lượng tái tạo, đánh dấu một sự tiến bộ đáng kể.

35.  <en> Digitizing ancient manuscripts preserves cultural heritage, making it accessible online to scholars and the public, safeguarding these treasures for future generations.
     <vi> Những bản chép tay cổ xưa bảo tồn di sản văn hóa, giúp nó truy cập trực tuyến với các học giả và công chúng, bảo vệ những kho báu này cho các thế hệ tương lai.

36.  <en> An international coral reef protection collaboration results in the largest coral transplantation project, showcasing global efforts to safeguard marine biodiversity.
     <vi> Một bảo vệ san hô san hô quốc tế hợp tác trong dự án cấy san hô lớn nhất, cho thấy nỗ lực toàn cầu để bảo vệ sinh thái biển.

37.  <en> A culinary school in Italy offers scholarships to students from developing countries, promoting the exchange of culinary traditions and fostering global culinary talents.
     <vi> Một trường giáo dục ở Ý cung cấp học bổng cho sinh viên từ các nước đang phát triển, khuyến khích trao đổi truyền thống giáo dục và nuôi dưỡng tài năng toàn cầu.

38.  <en> A new international treaty focuses on protecting indigenous rights, preserving traditional knowledge and languages, and acknowledging the importance of cultural heritage.
     <vi> Một hiệp ước quốc tế mới tập trung vào việc bảo vệ quyền bản địa, duy trì sự hiểu biết và ngôn ngữ truyền thống, và công nhận tầm quan trọng của di sản văn hóa.

39.  <en> Independent films exploring themes of migration and identity highlight the global interconnectedness and shared human experiences, enriching the global film festival circuit.
     <vi> Những bộ phim trẻ em khám phá chủ đề về sự di trú và danh tính nhấn mạnh sự đoàn kết toàn cầu và trải nghiệm chung của con người, làm phong phú cho vòng quanh phim toàn cầu.

40.  <en> Virtual reality recreates historical sites and events, offering immersive educational experiences and bringing history to life for students worldwide.
     <vi> Sự kiện lịch sử và các sự kiện thực tế kỳ diệu đưa ra những trải nghiệm giáo dục ô nhiễm và mang lịch sử đến sự sống cho sinh viên trên khắp thế giới.

41.  <en> A wildlife corridor in India aims to connect fragmented habitats, ensuring the safe passage of tigers and other species, highlighting the importance of ecological connectivity.
     <vi> Một hành lang hoang dã ở Ấn Độ nhắm vào các môi trường sống tách rời, đảm bảo lối đi an toàn của hổ và các loài khác, nhấn mạnh tầm quan trọng của sự xâm nhập sinh thái.

42.  <en> Colombia's international poetry festival celebrates the transformative power of words in promoting peace and reconciliation, drawing poets and enthusiasts from around the world.
     <vi> Lễ hội thi ca quốc tế của Colombia kỷ niệm sức mạnh biến đổi của từ ngữ để thúc đẩy hòa bình và hòa giải, vẽ các nhà thơ và những kẻ cuồng tín trên khắp thế giới.

43.  <en> The WHO's global campaign against antibiotic resistance emphasizes the responsible use of antibiotics, addressing one of the most pressing health challenges of our time.
     <vi> Chiến dịch kháng kháng sinh toàn cầu của WHO nhấn mạnh việc sử dụng kháng sinh có trách nhiệm, giải quyết một trong những thách thức nghiêm trọng nhất về sức khỏe của chúng ta.

44.  <en> Paris Fashion Week's focus on sustainable fashion showcases eco-friendly materials and ethical production, influencing the global fashion industry towards sustainability.
     <vi> Tập trung vào các chương trình thời trang bền vững có tính bền vững và sản xuất đạo đức, ảnh hưởng đến ngành công nghiệp thời trang toàn cầu hướng tới sự bền vững.

45.  <en> The New Orleans International Jazz Festival highlights the evolution of jazz, influenced by African, Caribbean, and Latin American music, celebrating its rich and diverse heritage.
     <vi> Tạp chí New Orleans International Jazz Festival nhấn mạnh sự tiến hóa của nhạc jazz, ảnh hưởng của âm nhạc Phi Châu, Caribe, và nhạc Mỹ La Tinh, ăn mừng di sản phong phú và đa dạng.

46.  <en> In Germany, a collaborative research project between major universities and automotive companies has led to the development of a groundbreaking electric vehicle battery, boasting an unprecedented range and charging speed, setting a new standard for the global electric vehicle industry.
     <vi> Ở Đức, một dự án nghiên cứu mang tính hợp tác giữa các trường đại học lớn và các công ty tự động đã dẫn đến sự phát triển của một bộ ắc quy điện từ, đại diện cho phạm vi chưa từng thấy và tốc độ nạp năng lượng, thiết lập tiêu chuẩn mới cho ngành công nghiệp điện toàn cầu.

47.  <en> Vietnam's government has announced a significant investment in renewable energy infrastructure, focusing on solar and wind power, aiming to achieve 40% of its energy production from renewable sources by 2030, in a major push towards sustainability and environmental responsibility.
     <vi> Chính phủ Việt Nam đã thông báo một khoản đầu tư đáng kể vào cơ sở hạ tầng năng lượng dự trữ, tập trung vào năng lượng mặt trời và năng lượng gió, nhằm đạt tới 40% năng lượng sản xuất từ các nguồn năng lượng tái tạo vào năm 2030, trong một thúc đẩy lớn tiến tới tính bền vững và trách nhiệm môi trường.

48.  <en> China has launched the world's first quantum satellite, marking a significant milestone in the field of quantum communication; this technological advancement could revolutionize data security and satellite communication, positioning China as a leader in the global space race.
     <vi> Trung Quốc đã phóng vệ tinh lượng tử đầu tiên trên thế giới, đánh dấu một điểm quan trọng trong lĩnh vực giao tiếp lượng tử; sự tiến bộ kỹ thuật này có thể phân hủy hệ thống an ninh và vệ tinh, định vị Trung Quốc như một nhà lãnh đạo trong cuộc đua không gian toàn cầu.

49.  <en> Japan's robotics firms have introduced a new generation of personal assistant robots designed to provide companionship and assistance to the elderly, reflecting the country's innovative approach to addressing its aging population challenge through technology.
     <vi> Các công ty robot của Nhật đã giới thiệu một thế hệ trợ lý robot cá nhân mới được thiết kế để cung cấp sự bầu bạn và trợ giúp cho người già, phản ánh cách tiếp cận sáng tạo của đất nước để đối phó với thử thách dân số lão hóa thông qua công nghệ.

50.  <en> South Korea's entertainment industry has once again set a global trend with the release of a new television series that blends traditional Korean folklore with modern storytelling, captivating audiences worldwide and showcasing the richness of Korean culture.
     <vi> Ngành công nghiệp giải trí của Hàn Quốc đã một lần nữa thiết lập một xu hướng toàn cầu với việc công bố một loạt phim truyền hình truyền thống Hàn Quốc phổ biến với các khán giả hiện đại trên khắp thế giới và phô trương sự phong phú của nền văn hóa Hàn Quốc.

51.  <en> Thailand's tourism authority has unveiled a new campaign aimed at promoting eco-tourism and cultural preservation, inviting travelers to explore the country's hidden gems beyond its famous beaches, in an effort to distribute tourism benefits more evenly and sustainably.
     <vi> Giới chức du lịch Thái Lan đã công bố một chiến dịch mới nhằm thúc đẩy chủ nghĩa bảo tồn môi trường và văn hóa, mời du khách khám phá những viên đá quý giấu kín của đất nước ngoài bãi biển nổi tiếng, trong nỗ lực phân phối lợi ích du lịch và duy trì.

52.  <en> Spain's government has passed a landmark environmental law, aiming to cut carbon emissions by 50% within the next decade; the law includes measures such as expanding green spaces in urban areas and investing heavily in public transportation and renewable energy.
     <vi> Chính phủ Tây Ban Nha đã thông qua một luật môi trường quan trọng, nhằm giảm 50% lượng khí thải cacbon trong vòng một thập kỷ tới; luật bao gồm các biện pháp như mở rộng không gian xanh ở các khu đô thị và đầu tư vào phương tiện giao thông công cộng và năng lượng tái tạo.

53.  <en> In Brazil, a massive reforestation project in the Amazon rainforest has been launched, with the goal of planting 50 million trees by 2025; this initiative not only aims to combat deforestation but also to restore biodiversity and support indigenous communities.
     <vi> Ở Brazil, một dự án tái xây dựng khổng lồ ở rừng nhiệt đới Amazon đã được triển khai, với mục đích trồng 50 triệu cây vào năm 2025; sáng kiến này không chỉ nhằm chống lại nạn phá rừng mà còn để khôi phục các cộng đồng bản địa.

54.  <en> The Italian government has initiated a pioneering project to digitize the country's vast artistic heritage, making it accessible online through virtual reality tours, in a bid to promote Italian culture and history to a global audience and foster digital innovation in the arts.
     <vi> Chính phủ Ý đã khởi xướng một dự án tiên phong để công bố di sản nghệ thuật rộng lớn của đất nước, khiến nó có thể truy cập trực tuyến thông qua những chuyến tham quan thực tế ảo, trong nỗ lực cổ vũ văn hóa và lịch sử Ý cho một khán giả toàn cầu và thúc đẩy sự đổi mới kỹ thuật số trong nghệ thuật.

55.  <en> Australia's scientific community has achieved a breakthrough in coral reef restoration technology, successfully developing a method to accelerate coral growth, which offers hope for the restoration of the Great Barrier Reef and other endangered coral ecosystems around the world.
     <vi> Cộng đồng khoa học Úc đã đạt được bước đột phá trong công nghệ phục hồi san hô, phát triển thành công một phương pháp để thúc đẩy sự phát triển của san hô, mang lại hy vọng cho sự phục hồi của Great End và các hệ sinh thái san hô nguy hiểm khác trên khắp thế giới.

56.  <en> Canada has introduced a new immigration policy designed to attract skilled workers in the technology sector, offering fast-track visas and incentives for startups, in a move to bolster the country's position as a leading destination for tech innovation and entrepreneurship.
     <vi> Canada đã giới thiệu một chính sách nhập khẩu mới được thiết kế để thu hút các công nhân chuyên nghiệp trong lĩnh vực công nghệ, cung cấp thị thực nhanh và động lực cho những người khởi nghiệp, trong việc nâng cấp vị trí của đất nước như một điểm đến hàng đầu cho sự đổi mới công nghệ và doanh nghiệp.

57.  <en> In India, a new initiative to convert agricultural waste into biofuel has the potential to revolutionize the country's energy sector, reduce air pollution caused by crop burning, and provide farmers with an additional source of income.
     <vi> Ở Ấn Độ, một sáng kiến mới để biến chất thải nông nghiệp thành nhiên liệu sinh học có tiềm năng cách mạng khu vực năng lượng của đất nước, giảm ô nhiễm không khí do cháy, và cung cấp thêm nguồn thu nhập cho nông dân.

58.  <en> Mexico's culinary scene has been recognized by UNESCO as an Intangible Cultural Heritage, highlighting the country's diverse culinary traditions and their role in community identity and sustainability; this recognition is expected to boost gastronomic tourism and preservation efforts.
     <vi> Hiện trường Mexico đã được báo cáo là một di sản không thể giải thích được, nhấn mạnh truyền thống đa dạng của đất nước và vai trò của họ trong danh tính cộng đồng và tính kiên cường; sự công nhận này được dự kiến sẽ thúc đẩy chủ nghĩa du lịch và bảo tồn khí hậu.

59.  <en> The United Kingdom has embarked on a groundbreaking project to map the genetic code of the British Isles, aiming to uncover the historical migrations and health patterns of its population, which could provide insights into genetic diseases and historical population movements.
     <vi> Vương quốc Anh đã bắt đầu một dự án đột phá để lập bản đồ mã di truyền của đảo Anh, nhằm khám phá các cuộc di cư lịch sử và các mẫu y tế của dân số, nơi có thể cung cấp sự hiểu biết về các bệnh di truyền và các phong trào lịch sử.

60.  <en> France has announced the launch of a new cultural initiative, "La Francophonie en Fête," aimed at promoting the French language and Francophone cultures around the world through a series of events, exhibitions, and educational programs, fostering cultural exchange and appreciation for the diversity of the Francophone world.
     <vi> Pháp đã thông báo khởi động một sáng kiến văn hóa mới, "La Francoie en Fête," nhằm thúc đẩy nền văn hóa Pháp và Francophone trên khắp thế giới thông qua một loạt các sự kiện, triển lãm, và chương trình giáo dục, khuyến khích trao đổi văn hóa và đánh giá cao sự đa dạng của thế giới Francophone.

Translation time: 0.967s
================================================================================

