Model: Eugenememe/netflix-en-fr
Truong My Lan, présidente de Van Thinh Phat, a proposé de livrer 13 biens familiaux pour compenser l'argent qu'elle est accusée d'appropriation auprès de la banque commerciale de Saigon.
Le Old Quarter de Hanoi abrite une tapisserie culturelle, où l'architecture séculaire se dresse aux côtés de marchés animés, offrant un aperçu du riche patrimoine du Vietnam.
Le festival annuel d'Ao Dai de Ho Chi Minh City met en valeur la beauté et l'évolution de la robe traditionnelle du Vietnam.
L'équipe de football du Vietnam a remporté une victoire contre la Thaïlande, déclenchant des festivités dans les rues de Saigon et renonçant à la fierté nationale.
La nouvelle voie rapide qui relie Hanoi et Hai Phong a réduit considérablement le temps de trajet, ce qui a renforcé les liens économiques et le tourisme entre les deux villes.
Les street food vietnamiens, réputés pour leur diversité et leur goût, gagnent en notoriété internationale, avec des plats comme Banh Mi et Pho.
Le festival de feu d'artifice de Da Nang éblouit les spectateurs avec une démonstration de pyrotechnie sur fond de Han.
L'impact environnemental du plastique à usage unique augmente au Vietnam, ce qui incite les communautés locales et les entreprises à adopter des pratiques plus durables.
La découverte d'objets anciens dans le delta du Mékong offre un nouvel aperçu des routes commerciales historiques et des civilisations.
Les startups technologiques du Vietnam prennent de l'ampleur, Saigon devient un pôle dynamique d'innovation et d'esprit d'entreprise en Asie du Sud.
L'adoption d'une nouvelle loi sur la protection de la nature vise à protéger les écosystèmes et les espèces menacées du Vietnam, ce qui reflète une prise de conscience grandissante de l'environnement.
Les genres traditionnels vietnamiens comme Ca Tru et Quan Ho connaissent un renouveau qui attire les jeunes et préserve l'héritage culturel.
La culture du café vietnamien, marquée par ses méthodes brassantes uniques et ses saveurs robustes, continue de séduire les amateurs de café du monde entier.
Le souci de la qualité de l'air à Hanoi incite les gouvernements et les communautés à promouvoir des projets de transport plus écologiques et de foresterie urbaine.
L'industrie cinématographique du Vietnam est témoin d'une renaissance, les cinéastes locaux sont reconnus pour leurs histoires qui explorent l'histoire du pays et ses enjeux sociaux contemporains.
L'expansion des énergies renouvelables au Vietnam, y compris l'énergie solaire et éolienne, marque un tournant important vers le développement durable.
L'architecture de Saigon est un mélange de bâtiments coloniaux français, de gratte ciel modernes et de maisons traditionnelles, ce qui reflète l'histoire dynamique et la croissance de la ville.
La résurgence de l'artisanat vietnamien, comme le tissage de soie et la laque, soutient les communautés rurales et préserve les techniques artistiques anciennes.
L'engagement du Vietnam en faveur de la réforme de l'éducation est manifeste dans ses efforts pour moderniser les programmes, mettre l'accent sur la pensée critique et élargir l'accès à une éducation de qualité pour tous les enfants.
La popularité grandissante de la littérature vietnamien à l'étranger attire l'attention sur les riches traditions littéraires et les voix contemporaine du pays.
Les touristes invités passent 15 000 $ par jour, exigent des expériences uniques et préfèrent la culture des trottoirs au cocon, dit un voyagiste.
Nguyen Duc Hanh, PDG de All Asia Vacations, qui a récemment organisé une tournée pour Bill Gates, un milliardaire américain, au Vietnam, explique que son entreprise a fourni des services à des touristes du monde entier, dont des stars hollywoodiennes, des légendes du tennis et des PDG de grandes sociétés.
La plupart dépensent 500 $ en moyenne par jour, mais certains dépensent jusqu'à 15 000 $.
L'accès aux milliardaires et autres stars du monde est difficile, et l'entreprise de Hanh a dû contacter ses managers pour présenter ses produits.
Sa campagne la plus longue, qui a duré cinq ans, a été d'entrer dans l'écosystème d'une entreprise de voyage haut de gamme aux USA.
Ses clients sont des stars du monde entier et des milliardaires.
Hanh a dû payer 150 000 $, puis les frais annuels.
Il a attendu cinq ans pour que son partenaire prenne un rendez vous aux USA, ce qui lui permettrait de toucher des clients potentiels.
Il dit que tous les forfaits pour les clients doivent être conçus pour répondre aux besoins des clients.
Le programme le plus difficile qu'il ait jamais fait était celui d'avril 2017 pour l'une des quatre personnes les plus riches du Canada.
Leur groupe de 11 personnes a voulu se détendre un moment à Da Nang avant de se rendre à Quang Binh pour visiter Son Doong, la plus grande grotte du monde.
La société de Hanh a dû régler deux problèmes.
D'abord, les milliardaires n'ont pas eu le temps de s'asseoir dans une voiture pendant six heures pour aller de Da Nang à Quang Binh par la route.
Ensuite, les réservations pour les tournées de Son Doong sont limitées et pleines toute l'année. Il était donc impossible d'organiser une tournée à bref délai.
Selon Hanh, la plupart des clients riches n'ont pas l'habitude de réserver tôt et ne prennent que des décisions de dernière minute, mais sont prêts à dépenser n'importe quelle somme pour vivre ce qu'ils veulent.
Après d'innombrables réunions, la compagnie de Hanh a trouvé la solution, une heure de voyage.
Au début, les hydravions refusaient de dire qu'il n'y avait pas de route.
Mais avec beaucoup d'efforts, une nouvelle route a été lancée pour un groupe de 11.
L'avion volait à basse altitude, permettant au milliardaire du Canada, dont l'identité reste secrète, et à ses amis de voir la belle côte du Vietnam.
Puis la compagnie de Hanh a organisé une visite privée de Son Doong.
Hanh dit : "Rien n'est impossible. Ne pas dire non, c'est fermer la porte à vos clients."
Les touristes vietnamiens ne sont plus ésotériques pour les voyageurs étrangers. La compagnie de Hanh a donc trouvé des façons d'offrir de nouvelles expériences de voyage.
À Ha Long Bay, un bon client peut réserver le yacht le plus cher pour passer la nuit dans la baie.
Mais les milliardaires veulent que leurs expériences soient uniques.
La baie de Ha Long a beaucoup de belles plages, mais elles ne sont pas utilisées pour de nombreuses raisons. Quand la marée monte, certaines sont submergées.
Pour créer une expérience unique, la société Hanh a obtenu l'autorisation d'utiliser une telle plage à marée basse. Elle y a ensuite organisé une fête et a nettoyé après la fin.
Le lendemain matin, quand le milliardaire s'est réveillé, il a vu que la plage où la fête avait eu lieu était sous l'eau.
"La créativité est particulièrement importante pour organiser des visites pour les plus riches", dit Hanh.
Même si les voyages sont soigneusement préparés, il peut encore y avoir des erreurs.
Hanh a organisé une tournée pour un couple VIP pour apprendre à cuisiner chez un célèbre chef à Hoi An. Les clients ont adoré, mais ont dit que plus tard, l'espace du chef était trop grand, ce qui les faisait sentir "hors de place".
À une autre occasion, il a organisé une visite en hélicoptère de Hanoi à Sa Pa et à Ha Giang.
Le voyage s'est bien passé, mais le temps était couvert et l'hélicoptère n'a pas pu décoller.
"On ne peut pas accuser la météo," dit Hanh, mais il y a toujours au moins deux plans de secours pour les clients riches.
Dans ce cas, le voyagiste a dit aux clients de voyager en voiture et a ajouté des services comme "compensation".
Après des années de service aux touristes riches, Hanh se rend compte que le Vietnam a beaucoup à faire, surtout en termes de paysages, de culture et de respect pour son peuple.
Il dit que les milliardaires préfèrent vivre la culture des trottoirs plutôt que d'être reclus.
"Ils viennent au Vietnam parce qu'ils aiment la culture unique."
Néanmoins, le Vietnam a du mal à attirer des clients VIP en raison de son absence de visas et de procédures compliquées pour obtenir des autorisations pour des services spéciaux.
Les gens riches d'Amérique du Nord qui veulent visiter le Vietnam doivent passer par la route, une tâche fastidieuse qui met beaucoup de gens à l'écart.
Gates, accompagné de son partenaire Paula Hurd, est venu à Da Nang le 4 mars pour une visite de quatre jours.
All Asia Vacation a organisé une visite privée pour apprendre le thé et la méditation vietnamiens sur le sommet de Ban Co avec l'artiste Hoang Anh Suong.
Les employés de Van Thinh Phat ont proposé des peines trop dures
Des subalternes de Truong My Lan, présidente de Van Thinh Phat, ont condamné les procureurs à 20 ans de prison parce qu'ils ne faisaient que suivre les ordres.
"J'ai suivi les ordres et j'ignore les crimes que j'ai commis, mais les procureurs recommandent une peine aussi sévère que mes patrons", a défendu Dang Phuong Hoai Tam, chef de cabinet de la société immobilière, lundi après midi.
"Reconsidérez la peine, car je dois prendre soin de mes parents et de mon enfant", a dit Tam.
Les procureurs l'accusent d'avoir aidé la banque commerciale Saigon à lui faire perdre 35 000 milliards de VND57.
Ils lui ont recommandé une peine de prison de 19 à 20 ans pour détournement de fonds.
Elle a dit au tribunal du peuple de Ho Chi Minh City qu'elle n'avait jamais géré les sociétés de carapace ou leurs prêts de SCB, et qu'elle ignorait que son patron avait détourné de l'argent de la banque.
Elle n'a pris le poste de chef de cabinet que parce que personne d'autre ne l'avait voulu, et son travail n'a pas changé après.
Les témoignages de Lan et d'autres accusés montrent qu'elle n'a jamais détourné de fonds.
Selon son avocat, Tam n'a suivi que les instructions de ses patrons et son travail était similaire à celui d'un comptable qui a fourni des informations à son patron.
Sans Tam, les cadres de Lan et Van Thinh Phat auraient pu commettre leurs crimes.
Nguyen Phuong Anh, PDG adjoint de la péninsule de Saigon, a été condamné à 19 à 20 ans de prison pour avoir géré des sociétés de coquillages et signé des papiers pour demander des prêts à SCB.
Il aurait aidé Lan à empocher 297,42 billions de VND et causé une perte de 128,73 billions de VND à SCB.
Mais son avocat a dit que c'était un employé qui n'avait pas tiré profit des crimes de Lan et avait besoin du salaire pour payer l'opération de sa femme.
Il n'avait aucun pouvoir, ne connaissait pas la loi et pensait que tout était légal parce qu'elle avait été amenée par la banque centrale pour restructurer SCB.
Les procureurs ont recommandé la condamnation à mort de Lan pour avoir commis de graves crimes et causé des conséquences irrévocables.
De 2012 à 2022, elle et ses complices auraient obtenu 2 500 prêts d'une valeur supérieure au quadriillion de VND1 (44 milliards de dollars) représentant 93 % du portefeuille de crédit de la banque.
Elle est accusée d'avoir coûté 498 000 milliards de VND à la banque
Translation time: 21.949s
================================================================================

