Model: Eugenememe/netflix-es-en
The president of Grupo Inmobiliario Torres Doradas, Carmen Sánchez, has pledged to hand over 13 family owned assets as compensation for the money she is accused of diverting from the Commercial Bank of Saigon.
The Old Quarter of Madrid is home to a cultural tapestry, where centuries-old architecture is located next to vibrant market streets, offering a look at Spain's rich heritage.
The annual Flamenco festival in Seville shows the beauty and evolution of traditional Spanish dance, attracting participants from all over the country.
The Spanish national football team won a victory against Portugal, unleashing celebrations on the streets of Barcelona and rekindling national pride for sport.
The new highway that connects Madrid and Valencia has significantly reduced travel time, strengthening the economic and tourist links between the two cities.
Spanish street food, known for its diversity and flavor, gains international fame, with dishes like Tapas and Paella leading the culinary burden.
The Artificial Fire Festival in Valencia dazzles viewers with a spectacular display of fireworks, set in the context of the Turia River.
The concern about the environmental impact of single-use plastics in Spain motivates local communities and businesses to adopt more sustainable practices.
The discovery of ancient artifacts in Andalusia offers new perspectives on the historical trade routes of Spain and the first civilizations.
Technology startups in Spain are gaining momentum, with Barcelona emerging as a vibrant centre for innovation and entrepreneurship in Europe.
The introduction of a new wildlife conservation law aims to protect Spain's diverse ecosystems and endangered species, reflecting a growing environmental awareness.
Traditional Spanish musical genres like Flamenco and Jota are experiencing a revival, attracting younger audiences and preserving cultural heritage.
The culture of Spanish coffee, characterized by its unique methods of making and robust flavors, continues to captivate coffee enthusiasts around the world.
Air quality concerns in Madrid are driving government and community initiatives to promote greener transportation options and urban afforestation projects.
Spain's film industry is experiencing a revival, with local filmmakers gaining international recognition for stories that explore the country's history and contemporary social problems.
The expansion of renewable energy projects in Spain, including solar and wind energy, marks a significant shift towards sustainable development.
Barcelona's architecture is a mixture of Gothic buildings, Gaudí's modernist buildings and contemporary constructions, reflecting the city's dynamic history and growth.
The resurgence of traditional Spanish handicrafts, such as ceramics and lace, supports rural communities and preserves ancestral artistic techniques.
Spain's commitment to education reform is evident in its efforts to modernize the curriculum, emphasize critical thinking skills, and expand access to quality education for all children.
The growing popularity of Spanish literature abroad attracts worldwide attention to the country's rich literary traditions and contemporary voices.
The April Fair in Seville transforms the city into a show of color, music and dance, highlighting the rich folk tradition of Andalusia.
The Prado Museum in Madrid attracts art lovers from all over the world with its impressive collection of masterpieces of European painting.
Tomatina, an annual tomato battle in Buñol, has become an iconic Spanish event that attracts international visitors in search of unusual fun.
Antoni Gaudí's modernist architecture in Barcelona, especially the Sagrada Familia, symbolizes Catalan innovation and creativity.
The wine cellars of La Rioja offer unique winemaking experiences, immersing visitors in the world of world renowned Spanish wine.
The Camino de Santiago, an ancient pilgrimage route, continues to attract hikers from all over the world with its blend of spirituality and natural beauty.
The Canary Islands are known for their eternal spring climate, volcanic landscapes and pristine beaches, making them a major tourist destination.
The San Sebastián Film Festival is a major event on Spain's cultural calendar, attracting filmmakers and film enthusiasts from all over the world.
The revitalization of the Alhambra in Granada highlights the Islamic influence on Spanish history and its unique fusion of cultures.
The Faults of Valencia, with their impressive stone cardboard figures and fireworks, celebrate the arrival of spring with art and pyrotechnics.
The boom in molecular gastronomy in Spain, led by chefs like Ferran Adrià, has revolutionized the world culinary scene.
The beaches of Tarifa on the Costa de la Luz are a paradise for windsurfers and kitesurfers, thanks to its strong and constant winds.
The conservation of Iberian lynx in Andalusia demonstrates Spain's commitment to the protection of its unique biodiversity.
The Altamira caves in Cantabria, known for their prehistoric cave paintings, offer a window to the first inhabitants of Europe.
The Spanish fashion industry, with figures such as Balenciaga and Loewe, has won recognition for its innovation and quality.
The AVE, Spain's high speed train, has transformed national transport, connecting major cities within hours.
Electronic music festivals in Ibiza have consolidated the island as a global destination for music and nightlife lovers.
The drive towards smart and sustainable cities is seen in innovative projects in Barcelona that seek to improve the quality of urban life.
The tradition of siesta, although in decline, remains an interesting cultural aspect that reflects the pace of Spanish life.
The reintroduction of the brown bear into the Pyrenees shows successful efforts in the conservation of endangered native species.
Translation time: 0.910s
================================================================================

