Model: Eugenememe/netflix-en-zh
1.   <en> The Louvre Museum in Paris dazzles with a new digital exhibit, blending classical art with cutting-edge technology, drawing a global audience to its historic halls.
     <zh> 巴黎的卢浮宫博物馆 带着新的数码展出 将古典艺术与先进技术相结合 吸引全球观众来到其历史性的大厅

2.   <en> Tokyo's cherry blossom season reaches a vibrant peak, drawing crowds for traditional celebrations amidst the fleeting beauty of sakura blooms.
     <zh> 东京的樱桃花季 到了一个充满活力的高峰 吸引了大家 在樱花开花的瞬间美景中 进行传统庆典

3.   <en> Brazil's Amazon sees a hopeful reduction in deforestation rates, thanks to impactful conservation policies and international collaborative efforts.
     <zh> 巴西的亚马逊地区看到森林砍伐率有希望地下降 这要归功于具有影响力的保护政策 以及国际协作努力

4.   <en> Silicon Valley's latest startup revolution focuses on enhancing solar panel efficiency, promising a significant leap in sustainable energy solutions.
     <zh> 硅谷最新的启动革命 重点是提高太阳能板效率 保证在可持续的能源解决方案上 取得重大飞跃

5.   <en> The Great Barrier Reef shows signs of recovery, with successful coral spawning hinting at resilience in the face of environmental challenges.
     <zh> 大堡礁出现了恢复的迹象 成功的珊瑚产卵 暗示着面对环境挑战时的韧性

6.   <en> Innovative engineering helps Venice combat rising sea levels, preserving its iconic architecture and rich cultural heritage for future generations.
     <zh> 创新工程帮助威尼斯对抗海平面上升 为后代保护其标志性建筑和丰富的文化遗产

7.   <en> South Korea's K-pop phenomenon continues to dominate global music charts, influencing fashion trends and social media across continents.
     <zh> 韩国的K棒现象 继续主导着全球音乐图表 影响了各大洲的时尚潮流和社交媒体

8.   <en> New archaeological finds in Luxor offer fresh insights into ancient Egyptian civilization, sparking interest among scholars and history enthusiasts.
     <zh> 卢克索的新考古发现 提供了对古埃及文明的新洞察力 激发了学者和历史爱好者的兴趣

9.   <en> The United Nations Climate Change Conference sets ambitious new global emission reduction targets, with nations pledging to bolster sustainability efforts.
     <zh> 联合国气候变化会议设定了雄心勃勃的全球减排新目标,各国承诺加强可持续性努力。

10.  <en> New York's burgeoning tech scene sees a surge in AI innovation, with startups focusing on ethical development and applications across industries.
     <zh> 纽约新兴的技术场景 见证了人工智能创新的猛增 初创企业专注于跨行业的道德发展与应用

11.  <en> Blockchain technology transforms London's financial district, enhancing security and efficiency in banking and financial transactions.
     <zh> 屏障链技术改变了伦敦的金融区 提高了银行和金融交易的安保和效率

12.  <en> Kenya employs drone technology in wildlife reserves to monitor and protect endangered species, showcasing innovative conservation strategies.
     <zh> 肯尼亚在野生动物保留地中使用无人机技术 来监控并保护濒危物种 展示出创新的保护策略

13.  <en> Spain's renewable energy sector hits a milestone, supplying over half of the country's power needs with wind and solar, showcasing sustainable progress.
     <zh> 西班牙的可再生能源部门进入了一个里程碑 向西班牙的电力需求 提供超过一半的风能和太阳能 展示了可持续进步

14.  <en> Innovative mosquito control techniques lead to a significant reduction in malaria cases in Sub-Saharan Africa, marking a victory for global health initiatives.
     <zh> 创新的蚊子控制技术导致非洲南部的疟疾病例大幅减少,这标志着全球卫生倡议的胜利

15.  <en> Russia's ambitious Mars moon mission aims to collect samples and analyze their composition, contributing valuable data to space science.
     <zh> 俄罗斯雄心勃勃的火星月球任务 目的是收集样本 分析它们的构成 向空间科学提供宝贵的数据

16.  <en> The Netherlands further expands its extensive bicycle lane network, reinforcing its commitment to sustainable and healthy urban transportation.
     <zh> 荷兰进一步扩大了它广阔的自行车道网络 强化了它对可持续健康城市交通的承诺

17.  <en> Antarctica's research stations provide crucial data on climate change, with scientists from around the world collaborating on groundbreaking projects.
     <zh> 南极洲的研究站提供了重要的气候变化数据 世界各地的科学家合作执行突破性项目

18.  <en> A breakthrough in Alzheimer's treatment in Germany opens new possibilities, offering hope and potential relief to millions affected worldwide.
     <zh> 德国老年痴呆症治疗方面的突破 开启了新的可能性 给全世界数百万受影响者带来了希望和可能的安慰

19.  <en> The Middle East's solar farms are set to revolutionize the region's approach to energy, highlighting a shift towards sustainability and innovation.
     <zh> 中东的太阳能农场 将彻底改变该区域对能源的态度 凸显向可持续力和革新的转变

20.  <en> Traditional Japanese tea ceremonies gain international popularity as a mindfulness practice, attracting enthusiasts seeking tranquility and cultural immersion.
     <zh> 日本传统的茶叶仪式 作为一种小心谨慎的做法 赢得了国际欢迎 吸引了追求宁静与文化沉浸的爱好者

21.  <en> The FIFA World Cup in Qatar showcases cutting-edge, eco-friendly stadium designs, setting new standards for sustainable sports event hosting.
     <zh> 卡塔尔的FIFA世界杯展示了最先进、生态友好的体育场设计,为主办可持续体育赛事设定了新的标准

22.  <en> New Zealand's approach to mental health care, emphasizing community support and nature-based therapies, offers a holistic model for global adoption.
     <zh> 新西兰的精神健康护理方法强调社区支持和基于自然的疗法,为全球采用提供了一个整体模式。

23.  <en> An international summit in Switzerland addresses the complex challenges of digital privacy and cybersecurity, crucial in the age of emerging technologies.
     <zh> 在瑞士举办的一次国际高峰会 讨论数字隐私和网络安全等复杂挑战 这对于新兴技术时代至关重要

24.  <en> Morocco's efforts to preserve its historic medinas not only enhance cultural tourism but also contribute to the urban revitalization of these ancient spaces.
     <zh> 摩洛哥为保存其历史中世纪所做的努力不仅增进了文化旅游,也为城市复兴这些古老的地方做出了贡献

25.  <en> The cleanup of the Great Pacific Garbage Patch, through innovative marine debris collection systems, marks a significant step in ocean conservation efforts.
     <zh> 通过创新的海洋垃圾收集系统清理大太平洋垃圾场标志着海洋保护努力迈出了一大步。

26.  <en> Cuba's vibrant music and dance festivals celebrate the island's rich cultural heritage, drawing artists and enthusiasts from around the globe.
     <zh> 古巴充满活力的音乐和舞蹈节庆祝了岛上的丰富文化遗产 吸引了来自全球的艺术家和爱好者

27.  <en> The Nobel Peace Prize highlights the crucial role of press freedom activists in oppressive regimes, underscoring the fundamental importance of a free press.
     <zh> 诺贝尔和平奖凸显了新闻自由活动家 在压迫性政权中的重要作用 凸显了自由新闻的根本重要性

28.  <en> Singapore's urban farming initiatives showcase innovative models of sustainable living, integrating green spaces and local food production into city life.
     <zh> 新加坡的城市农业计划展示了 可持续生活的创新模式 将绿色空间和本地粮食生产 融入城市生活

29.  <en> A cultural exchange program between China and Europe fosters mutual understanding, enriching arts and education sectors across continents.
     <zh> 中国与欧洲之间的文化交流项目 增进了各大洲的相互了解 丰富了各大洲的艺术和教育部门

30.  <en> South Africa's tech industry innovates in clean water access, employing new technologies and community approaches to address this critical issue.
     <zh> 南非的技术产业在获得清洁水源方面进行了创新 使用了新技术和社区方法来解决这个重要问题

31.  <en> The Venice Biennale art exhibition becomes a platform for works addressing global environmental and social issues, sparking discussions and inspiring activism.
     <zh> 威尼斯比恩纳尔艺术展成为解决全球环境问题和社会问题的平台 引发了各种讨论和激励人心的活动

32.  <en> An international space station project symbolizes a new era of cooperation in space exploration, with countries from every continent participating.
     <zh> 一个国际空间站项目象征着空间探索合作的新时代,来自每个大陆的国家都参与了这个项目。

33.  <en> Argentina's Tango Festival, celebrating the dance's UNESCO status, draws performers and spectators worldwide, highlighting cultural heritage and passion.
     <zh> 阿根廷的探戈节 庆祝舞蹈取得联合国教科文的地位 吸引全世界的表演者和观众 彰显文化遗产和热情

34.  <en> A Swedish company's breakthrough in battery technology promises to revolutionize electric vehicles and renewable energy storage, marking a significant advancement.
     <zh> 一家瑞典公司在电池技术方面的突破 有可能让电动车辆和可再生能源储存 发生革命性变化 标志着一个重大进步

35.  <en> Digitizing ancient manuscripts preserves cultural heritage, making it accessible online to scholars and the public, safeguarding these treasures for future generations.
     <zh> 对古代手稿的数码化保存了文化遗产 让学者和大众可以上网查阅 为后代保护这些宝藏

36.  <en> An international coral reef protection collaboration results in the largest coral transplantation project, showcasing global efforts to safeguard marine biodiversity.
     <zh> 国际珊瑚礁保护协作产生了最大的珊瑚移植项目,展示了保护生物多样性的全球努力。

37.  <en> A culinary school in Italy offers scholarships to students from developing countries, promoting the exchange of culinary traditions and fostering global culinary talents.
     <zh> 意大利的一家烹饪学校为来自发展中国家的学生提供奖学金,促进烹饪传统的交流,培养全球烹饪才华。

38.  <en> A new international treaty focuses on protecting indigenous rights, preserving traditional knowledge and languages, and acknowledging the importance of cultural heritage.
     <zh> 一项新的国际条约重点关注保护土著权利、保护传统知识和语言以及承认文化遗产的重要性。

39.  <en> Independent films exploring themes of migration and identity highlight the global interconnectedness and shared human experiences, enriching the global film festival circuit.
     <zh> 独立电影探索了迁徙和身份主题 凸显了全球的相互联系 以及人类的共享体验 丰富了全球电影节的回路

40.  <en> Virtual reality recreates historical sites and events, offering immersive educational experiences and bringing history to life for students worldwide.
     <zh> 虚拟现实重建了历史网站和事件 提供了沉浸的教育体验 让全世界的学生都活过来了

41.  <en> A wildlife corridor in India aims to connect fragmented habitats, ensuring the safe passage of tigers and other species, highlighting the importance of ecological connectivity.
     <zh> 印度的野生动物走廊旨在连接支离破碎的栖息地 确保老虎和其他物种的安全通过 凸显生态连通性的重要性

42.  <en> Colombia's international poetry festival celebrates the transformative power of words in promoting peace and reconciliation, drawing poets and enthusiasts from around the world.
     <zh> 哥伦比亚国际诗歌节庆祝言辞在推动和平及和解方面的变革力量 画了来自世界各地的诗人和爱好者

43.  <en> The WHO's global campaign against antibiotic resistance emphasizes the responsible use of antibiotics, addressing one of the most pressing health challenges of our time.
     <zh> 世卫组织的全球抗生素抗药性运动强调要负责任地使用抗生素 应对我们这个时代最迫切的健康挑战之一

44.  <en> Paris Fashion Week's focus on sustainable fashion showcases eco-friendly materials and ethical production, influencing the global fashion industry towards sustainability.
     <zh> 巴黎时尚周专注于可持续时尚展示 生态友好的材料和符合道德的制作 影响了全球时尚产业走向可持续

45.  <en> The New Orleans International Jazz Festival highlights the evolution of jazz, influenced by African, Caribbean, and Latin American music, celebrating its rich and diverse heritage.
     <zh> 新奥尔良国际爵士音乐节 凸显了爵士音乐的演进 受到了非洲、加勒比和拉丁美洲音乐的影响 庆祝了爵士音乐丰富多彩的传承

46.  <en> In Germany, a collaborative research project between major universities and automotive companies has led to the development of a groundbreaking electric vehicle battery, boasting an unprecedented range and charging speed, setting a new standard for the global electric vehicle industry.
     <zh> 在德国,主要大学和汽车公司之间的协作研究 导致开发了一个突破性电动汽车电池 拥有前所未有的射程和充电速度 为全球电动汽车行业设定了新的标准

47.  <en> Vietnam's government has announced a significant investment in renewable energy infrastructure, focusing on solar and wind power, aiming to achieve 40% of its energy production from renewable sources by 2030, in a major push towards sustainability and environmental responsibility.
     <zh> 越南政府宣布对可再生能源基础设施进行大量投资 重点是太阳能和风能 目标是到2030年实现40%的可再生能源能源生产 以大力推动可持续能力和环境责任

48.  <en> China has launched the world's first quantum satellite, marking a significant milestone in the field of quantum communication; this technological advancement could revolutionize data security and satellite communication, positioning China as a leader in the global space race.
     <zh> 中国发射了世界上第一颗量子卫星 标志着量子通信领域的重要里程碑 科技进步可以让数据安全和卫星通讯 发生革命性的变化 让中国成为全球太空竞赛的领先者

49.  <en> Japan's robotics firms have introduced a new generation of personal assistant robots designed to provide companionship and assistance to the elderly, reflecting the country's innovative approach to addressing its aging population challenge through technology.
     <zh> 日本的机器人公司引入了新一代的个人助理机器人 为老年人提供陪伴和帮助 反映了日本通过科技 应对人口老化挑战的创新方法

50.  <en> South Korea's entertainment industry has once again set a global trend with the release of a new television series that blends traditional Korean folklore with modern storytelling, captivating audiences worldwide and showcasing the richness of Korean culture.
     <zh> 韩国的娱乐业再次开创了全球趋势 发行了一部新的电视剧 将韩国的民间传说与现代故事相结合 吸引全世界的观众 展现出韩国文化的丰富多彩

51.  <en> Thailand's tourism authority has unveiled a new campaign aimed at promoting eco-tourism and cultural preservation, inviting travelers to explore the country's hidden gems beyond its famous beaches, in an effort to distribute tourism benefits more evenly and sustainably.
     <zh> 泰国的旅游管理局启动了一项新运动 目的是推广生态旅游和文化保护 吸引游客在著名的海滩外探索隐藏的宝石 以更平均、更持续地分配旅游利益

52.  <en> Spain's government has passed a landmark environmental law, aiming to cut carbon emissions by 50% within the next decade; the law includes measures such as expanding green spaces in urban areas and investing heavily in public transportation and renewable energy.
     <zh> 西班牙政府通过了一部里程碑式的环境法 目的是在未来十年内 将碳排放量削减50% 这部法律包括了扩大城市绿色空间 以及对公共交通和可再生能源进行大量投资等措施

53.  <en> In Brazil, a massive reforestation project in the Amazon rainforest has been launched, with the goal of planting 50 million trees by 2025; this initiative not only aims to combat deforestation but also to restore biodiversity and support indigenous communities.
     <zh> 在巴西亚马逊雨林启动了一个大型植树造林项目 目标是到2025年植树5000万棵树 这不仅是为了制止森林砍伐 也是为了恢复生物多样性 支持土著族群

54.  <en> The Italian government has initiated a pioneering project to digitize the country's vast artistic heritage, making it accessible online through virtual reality tours, in a bid to promote Italian culture and history to a global audience and foster digital innovation in the arts.
     <zh> 意大利政府启动了一个先锋项目 将意大利巨大的艺术遗产数码化 通过虚拟现实参观在网上传播 目的是向全球观众宣传意大利的文化和历史 推动艺术领域的数码创新

55.  <en> Australia's scientific community has achieved a breakthrough in coral reef restoration technology, successfully developing a method to accelerate coral growth, which offers hope for the restoration of the Great Barrier Reef and other endangered coral ecosystems around the world.
     <zh> 澳大利亚科学界在珊瑚礁复原技术方面已经取得突破,成功地开发了加速珊瑚生长的方法,为恢复全世界大堡礁和其他濒危珊瑚生态系统带来了希望。

56.  <en> Canada has introduced a new immigration policy designed to attract skilled workers in the technology sector, offering fast-track visas and incentives for startups, in a move to bolster the country's position as a leading destination for tech innovation and entrepreneurship.
     <zh> 加拿大引入了新的移民政策 目的是吸引技术行业的熟练工人 提供快速入境证和创业激励 以提升加拿大作为技术创新和创业领先目的地的地位

57.  <en> In India, a new initiative to convert agricultural waste into biofuel has the potential to revolutionize the country's energy sector, reduce air pollution caused by crop burning, and provide farmers with an additional source of income.
     <zh> 在印度,一项将农业废料转化为燃料的新计划 有可能使国家的能源行业发生革命性变化 减少农作物燃烧造成的空气污染 并为农民提供额外的收入来源

58.  <en> Mexico's culinary scene has been recognized by UNESCO as an Intangible Cultural Heritage, highlighting the country's diverse culinary traditions and their role in community identity and sustainability; this recognition is expected to boost gastronomic tourism and preservation efforts.
     <zh> 墨西哥的烹饪场景被联合国教科文组织视为无形文化遗产 凸显了墨西哥不同的烹饪传统 及其在社区身份和可持续性中的角色 这种认识预计会推动食堂旅游和保存努力

59.  <en> The United Kingdom has embarked on a groundbreaking project to map the genetic code of the British Isles, aiming to uncover the historical migrations and health patterns of its population, which could provide insights into genetic diseases and historical population movements.
     <zh> 联合王国已着手进行一个开拓性项目 绘制英属群岛的遗传代码 目的是揭示其人口的历史迁徙和健康模式 它可以让人们深入了解遗传疾病和历史人口流动

60.  <en> France has announced the launch of a new cultural initiative, "La Francophonie en Fête," aimed at promoting the French language and Francophone cultures around the world through a series of events, exhibitions, and educational programs, fostering cultural exchange and appreciation for the diversity of the Francophone world.
     <zh> 法国宣布发起一项名为“法语区”的新文化倡议 目的是通过一系列活动、展览和教育方案 在全世界推广法语区和法语区文化 推动文化交流和欣赏法语区世界的多样化

Translation time: 0.612s
================================================================================

